-------------------------------------------------------------------------------
Test set: com.nnk.springboot.BidTests
-------------------------------------------------------------------------------
Tests run: 1, Failures: 0, Errors: 1, Skipped: 0, Time elapsed: 4.971 s <<< FAILURE! - in com.nnk.springboot.BidTests
bidListTest(com.nnk.springboot.BidTests)  Time elapsed: 0.106 s  <<< ERROR!
javax.validation.ConstraintViolationException: 
Validation failed for classes [com.nnk.springboot.domain.BidList] during persist time for groups [javax.validation.groups.Default, ]
List of constraint violations:[
	ConstraintViolationImpl{interpolatedMessage='ne peut pas être nul', propertyPath=creationDate, rootBeanClass=class com.nnk.springboot.domain.BidList, messageTemplate='{javax.validation.constraints.NotNull.message}'}
	ConstraintViolationImpl{interpolatedMessage='ne peut pas être nul', propertyPath=bidListDate, rootBeanClass=class com.nnk.springboot.domain.BidList, messageTemplate='{javax.validation.constraints.NotNull.message}'}
	ConstraintViolationImpl{interpolatedMessage='ne peut pas être nul', propertyPath=BidListId, rootBeanClass=class com.nnk.springboot.domain.BidList, messageTemplate='{javax.validation.constraints.NotNull.message}'}
	ConstraintViolationImpl{interpolatedMessage='ne peut pas être nul', propertyPath=revisionDate, rootBeanClass=class com.nnk.springboot.domain.BidList, messageTemplate='{javax.validation.constraints.NotNull.message}'}
]
	at com.nnk.springboot.BidTests.bidListTest(BidTests.java:28)

