-------------------------------------------------------------------------------
Test set: com.nnk.springboot.TradeTests
-------------------------------------------------------------------------------
Tests run: 1, Failures: 0, Errors: 1, Skipped: 0, Time elapsed: 0.006 s <<< FAILURE! - in com.nnk.springboot.TradeTests
tradeTest(com.nnk.springboot.TradeTests)  Time elapsed: 0 s  <<< ERROR!
javax.validation.ConstraintViolationException: 
Validation failed for classes [com.nnk.springboot.domain.Trade] during persist time for groups [javax.validation.groups.Default, ]
List of constraint violations:[
	ConstraintViolationImpl{interpolatedMessage='ne peut pas être nul', propertyPath=tradeDate, rootBeanClass=class com.nnk.springboot.domain.Trade, messageTemplate='{javax.validation.constraints.NotNull.message}'}
	ConstraintViolationImpl{interpolatedMessage='ne peut pas être nul', propertyPath=tradeId, rootBeanClass=class com.nnk.springboot.domain.Trade, messageTemplate='{javax.validation.constraints.NotNull.message}'}
	ConstraintViolationImpl{interpolatedMessage='ne peut pas être nul', propertyPath=creationDate, rootBeanClass=class com.nnk.springboot.domain.Trade, messageTemplate='{javax.validation.constraints.NotNull.message}'}
]
	at com.nnk.springboot.TradeTests.tradeTest(TradeTests.java:28)

