-------------------------------------------------------------------------------
Test set: com.nnk.springboot.CurvePointTests
-------------------------------------------------------------------------------
Tests run: 1, Failures: 0, Errors: 1, Skipped: 0, Time elapsed: 0.006 s <<< FAILURE! - in com.nnk.springboot.CurvePointTests
curvePointTest(com.nnk.springboot.CurvePointTests)  Time elapsed: 0 s  <<< ERROR!
javax.validation.ConstraintViolationException: 
Validation failed for classes [com.nnk.springboot.domain.CurvePoint] during persist time for groups [javax.validation.groups.Default, ]
List of constraint violations:[
	ConstraintViolationImpl{interpolatedMessage='ne peut pas être nul', propertyPath=id, rootBeanClass=class com.nnk.springboot.domain.CurvePoint, messageTemplate='{javax.validation.constraints.NotNull.message}'}
	ConstraintViolationImpl{interpolatedMessage='ne peut pas être nul', propertyPath=creationDate, rootBeanClass=class com.nnk.springboot.domain.CurvePoint, messageTemplate='{javax.validation.constraints.NotNull.message}'}
	ConstraintViolationImpl{interpolatedMessage='ne peut pas être nul', propertyPath=asOfDate, rootBeanClass=class com.nnk.springboot.domain.CurvePoint, messageTemplate='{javax.validation.constraints.NotNull.message}'}
]
	at com.nnk.springboot.CurvePointTests.curvePointTest(CurvePointTests.java:28)

