<?xml version="1.0" encoding="UTF-8"?>
<testsuite xmlns:xsi="http://www.w3.org/2001/XMLSchema-instance" xsi:noNamespaceSchemaLocation="https://maven.apache.org/surefire/maven-surefire-plugin/xsd/surefire-test-report.xsd" name="com.nnk.springboot.BidTests" time="4.971" tests="1" errors="1" skipped="0" failures="0">
  <properties>
[...]
</properties>
  <testcase name="bidListTest" classname="com.nnk.springboot.BidTests" time="0.106">
    <error message="Validation failed for classes [com.nnk.springboot.domain.BidList] during persist time for groups [javax.validation.groups.Default, ]&#10;List of constraint violations:[&#10;	ConstraintViolationImpl{interpolatedMessage=&apos;ne peut pas être nul&apos;, propertyPath=creationDate, rootBeanClass=class com.nnk.springboot.domain.BidList, messageTemplate=&apos;{javax.validation.constraints.NotNull.message}&apos;}&#10;	ConstraintViolationImpl{interpolatedMessage=&apos;ne peut pas être nul&apos;, propertyPath=bidListDate, rootBeanClass=class com.nnk.springboot.domain.BidList, messageTemplate=&apos;{javax.validation.constraints.NotNull.message}&apos;}&#10;	ConstraintViolationImpl{interpolatedMessage=&apos;ne peut pas être nul&apos;, propertyPath=BidListId, rootBeanClass=class com.nnk.springboot.domain.BidList, messageTemplate=&apos;{javax.validation.constraints.NotNull.message}&apos;}&#10;	ConstraintViolationImpl{interpolatedMessage=&apos;ne peut pas être nul&apos;, propertyPath=revisionDate, rootBeanClass=class com.nnk.springboot.domain.BidList, messageTemplate=&apos;{javax.validation.constraints.NotNull.message}&apos;}&#10;]" type="javax.validation.ConstraintViolationException">javax.validation.ConstraintViolationException: 
Validation failed for classes [com.nnk.springboot.domain.BidList] during persist time for groups [javax.validation.groups.Default, ]
List of constraint violations:[
	ConstraintViolationImpl{interpolatedMessage='ne peut pas être nul', propertyPath=creationDate, rootBeanClass=class com.nnk.springboot.domain.BidList, messageTemplate='{javax.validation.constraints.NotNull.message}'}
	ConstraintViolationImpl{interpolatedMessage='ne peut pas être nul', propertyPath=bidListDate, rootBeanClass=class com.nnk.springboot.domain.BidList, messageTemplate='{javax.validation.constraints.NotNull.message}'}
	ConstraintViolationImpl{interpolatedMessage='ne peut pas être nul', propertyPath=BidListId, rootBeanClass=class com.nnk.springboot.domain.BidList, messageTemplate='{javax.validation.constraints.NotNull.message}'}
	ConstraintViolationImpl{interpolatedMessage='ne peut pas être nul', propertyPath=revisionDate, rootBeanClass=class com.nnk.springboot.domain.BidList, messageTemplate='{javax.validation.constraints.NotNull.message}'}
]
	at com.nnk.springboot.BidTests.bidListTest(BidTests.java:28)
</error>
    <system-out><![CDATA[19:00:12.555 [main] DEBUG org.springframework.test.context.junit4.SpringJUnit4ClassRunner - SpringJUnit4ClassRunner constructor called with [class com.nnk.springboot.BidTests]
19:00:12.560 [main] DEBUG org.springframework.test.context.BootstrapUtils - Instantiating CacheAwareContextLoaderDelegate from class [org.springframework.test.context.cache.DefaultCacheAwareContextLoaderDelegate]
19:00:12.567 [main] DEBUG org.springframework.test.context.BootstrapUtils - Instantiating BootstrapContext using constructor [public org.springframework.test.context.support.DefaultBootstrapContext(java.lang.Class,org.springframework.test.context.CacheAwareContextLoaderDelegate)]
19:00:12.580 [main] DEBUG org.springframework.test.context.BootstrapUtils - Instantiating TestContextBootstrapper for test class [com.nnk.springboot.BidTests] from class [org.springframework.boot.test.context.SpringBootTestContextBootstrapper]
19:00:12.589 [main] INFO org.springframework.boot.test.context.SpringBootTestContextBootstrapper - Neither @ContextConfiguration nor @ContextHierarchy found for test class [com.nnk.springboot.BidTests], using SpringBootContextLoader
19:00:12.592 [main] DEBUG org.springframework.test.context.support.AbstractContextLoader - Did not detect default resource location for test class [com.nnk.springboot.BidTests]: class path resource [com/nnk/springboot/BidTests-context.xml] does not exist
19:00:12.592 [main] DEBUG org.springframework.test.context.support.AbstractContextLoader - Did not detect default resource location for test class [com.nnk.springboot.BidTests]: class path resource [com/nnk/springboot/BidTestsContext.groovy] does not exist
19:00:12.592 [main] INFO org.springframework.test.context.support.AbstractContextLoader - Could not detect default resource locations for test class [com.nnk.springboot.BidTests]: no resource found for suffixes {-context.xml, Context.groovy}.
19:00:12.593 [main] INFO org.springframework.test.context.support.AnnotationConfigContextLoaderUtils - Could not detect default configuration classes for test class [com.nnk.springboot.BidTests]: BidTests does not declare any static, non-private, non-final, nested classes annotated with @Configuration.
19:00:12.624 [main] DEBUG org.springframework.test.context.support.ActiveProfilesUtils - Could not find an 'annotation declaring class' for annotation type [org.springframework.test.context.ActiveProfiles] and class [com.nnk.springboot.BidTests]
19:00:12.630 [main] DEBUG org.springframework.core.env.StandardEnvironment - Adding PropertySource 'systemProperties' with lowest search precedence
19:00:12.630 [main] DEBUG org.springframework.core.env.StandardEnvironment - Adding PropertySource 'systemEnvironment' with lowest search precedence
19:00:12.631 [main] DEBUG org.springframework.core.env.StandardEnvironment - Initialized StandardEnvironment with PropertySources [MapPropertySource@280265505 {name='systemProperties', properties={java.runtime.name=Java(TM) SE Runtime Environment, sun.boot.library.path=C:\java\soft\jdk1.8.0_201\jre\bin, java.vm.version=25.201-b09, java.vm.vendor=Oracle Corporation, java.vendor.url=http://java.oracle.com/, path.separator=;, java.vm.name=Java HotSpot(TM) 64-Bit Server VM, file.encoding.pkg=sun.io, user.country=FR, user.script=, sun.java.launcher=SUN_STANDARD, sun.os.patch.level=, java.vm.specification.name=Java Virtual Machine Specification, user.dir=D:\eclipse-workspace\poseidon, java.runtime.version=1.8.0_201-b09, basedir=D:\eclipse-workspace\poseidon, java.awt.graphicsenv=sun.awt.Win32GraphicsEnvironment, java.endorsed.dirs=C:\java\soft\jdk1.8.0_201\jre\lib\endorsed, os.arch=amd64, surefire.real.class.path=C:\Users\JASOND~1\AppData\Local\Temp\surefire1314361021317280358\surefirebooter462100391779902413.jar, java.io.tmpdir=C:\Users\JASOND~1\AppData\Local\Temp\, line.separator=
, java.vm.specification.vendor=Oracle Corporation, user.variant=, os.name=Windows 10, sun.jnu.encoding=Cp1252, java.library.path=C:\java\soft\jdk1.8.0_201\jre\bin;C:\WINDOWS\Sun\Java\bin;C:\WINDOWS\system32;C:\WINDOWS;C:/Users/Jason Dubourg/.p2/pool/plugins/org.eclipse.justj.openjdk.hotspot.jre.full.win32.x86_64_15.0.1.v20201027-0507/jre/bin/server;C:/Users/Jason Dubourg/.p2/pool/plugins/org.eclipse.justj.openjdk.hotspot.jre.full.win32.x86_64_15.0.1.v20201027-0507/jre/bin;C:\java\soft\jdk1.8.0_201\bin;C:\wamp64\bin\php\php7.3.12;C:\Program Files (x86)\Razer Chroma SDK\bin;C:\Program Files\Razer Chroma SDK\bin;C:\Program Files (x86)\Razer\ChromaBroadcast\bin;C:\Program Files\Razer\ChromaBroadcast\bin;C:\Program Files (x86)\Python38\Scripts\;C:\Program Files (x86)\Python38\;C:\Windows\system32;C:\tools\apache-maven-3.6.3\bin;C:\Windows;C:\Windows\System32\Wbem;C:\Windows\System32\WindowsPowerShell\v1.0\;C:\Windows\System32\OpenSSH\;C:\Program Files (x86)\NVIDIA Corporation\PhysX\Common;C:\Program Files\NVIDIA Corporation\NVIDIA NvDLISR;C:\Windows\system32\config\systemprofile\AppData\Local\Microsoft\WindowsApps;C:\Users\Jason Dubourg\AppData\Local\Microsoft\WindowsApps;C:\Users\Jason Dubourg\AppData\Local\Programs\Microsoft VS Code\bin;C:\Users\Jason Dubourg\AppData\Local\atom\bin;C:\WINDOWS\system32;C:\WINDOWS;C:\WINDOWS\System32\Wbem;C:\WINDOWS\System32\WindowsPowerShell\v1.0\;C:\WINDOWS\System32\OpenSSH\;C:\Program Files\Git\cmd;C:\ProgramData\ComposerSetup\bin;C:\Program Files\Symfony;C:\Program Files\nodejs\;C:\java\soft\jdk1.8.0_201\bin;C:\Users\Jason Dubourg\AppData\Local\Microsoft\WindowsApps;C:\Program Files\JetBrains\WebStorm 2019.2\bin;C:\Users\Jason Dubourg\AppData\Local\Programs\Microsoft VS Code\bin;C:\Program Files\JetBrains\PhpStorm 2019.3.3\bin;C:\Users\Jason Dubourg\AppData\Roaming\Composer\vendor\bin;C:\Program Files\JetBrains\IntelliJ IDEA Community Edition 2019.3.4\bin;C:\Users\Jason Dubourg\AppData\Roaming\npm;C:\Users\Jason Dubourg\AppData\Local\Microsoft\WindowsApps;C:\Users\Jason Dubourg\AppData\Local\gitkraken\bin;C:\WINDOWS\system32;;., surefire.test.class.path=D:\eclipse-workspace\poseidon\target\test-classes;D:\eclipse-workspace\poseidon\target\classes;C:\Users\Jason Dubourg\.m2\repository\org\springframework\boot\spring-boot-starter-test\2.0.4.RELEASE\spring-boot-starter-test-2.0.4.RELEASE.jar;C:\Users\Jason Dubourg\.m2\repository\org\springframework\boot\spring-boot-starter\2.0.4.RELEASE\spring-boot-starter-2.0.4.RELEASE.jar;C:\Users\Jason Dubourg\.m2\repository\org\springframework\boot\spring-boot-starter-logging\2.0.4.RELEASE\spring-boot-starter-logging-2.0.4.RELEASE.jar;C:\Users\Jason Dubourg\.m2\repository\ch\qos\logback\logback-classic\1.2.3\logback-classic-1.2.3.jar;C:\Users\Jason Dubourg\.m2\repository\ch\qos\logback\logback-core\1.2.3\logback-core-1.2.3.jar;C:\Users\Jason Dubourg\.m2\repository\org\apache\logging\log4j\log4j-to-slf4j\2.10.0\log4j-to-slf4j-2.10.0.jar;C:\Users\Jason Dubourg\.m2\repository\org\apache\logging\log4j\log4j-api\2.10.0\log4j-api-2.10.0.jar;C:\Users\Jason Dubourg\.m2\repository\org\slf4j\jul-to-slf4j\1.7.25\jul-to-slf4j-1.7.25.jar;C:\Users\Jason Dubourg\.m2\repository\javax\annotation\javax.annotation-api\1.3.2\javax.annotation-api-1.3.2.jar;C:\Users\Jason Dubourg\.m2\repository\org\yaml\snakeyaml\1.19\snakeyaml-1.19.jar;C:\Users\Jason Dubourg\.m2\repository\org\springframework\boot\spring-boot-test\2.0.4.RELEASE\spring-boot-test-2.0.4.RELEASE.jar;C:\Users\Jason Dubourg\.m2\repository\org\springframework\boot\spring-boot-test-autoconfigure\2.0.4.RELEASE\spring-boot-test-autoconfigure-2.0.4.RELEASE.jar;C:\Users\Jason Dubourg\.m2\repository\com\jayway\jsonpath\json-path\2.4.0\json-path-2.4.0.jar;C:\Users\Jason Dubourg\.m2\repository\net\minidev\json-smart\2.3\json-smart-2.3.jar;C:\Users\Jason Dubourg\.m2\repository\net\minidev\accessors-smart\1.2\accessors-smart-1.2.jar;C:\Users\Jason Dubourg\.m2\repository\org\ow2\asm\asm\5.0.4\asm-5.0.4.jar;C:\Users\Jason Dubourg\.m2\repository\org\slf4j\slf4j-api\1.7.25\slf4j-api-1.7.25.jar;C:\Users\Jason Dubourg\.m2\repository\junit\junit\4.12\junit-4.12.jar;C:\Users\Jason Dubourg\.m2\repository\org\assertj\assertj-core\3.9.1\assertj-core-3.9.1.jar;C:\Users\Jason Dubourg\.m2\repository\org\mockito\mockito-core\2.15.0\mockito-core-2.15.0.jar;C:\Users\Jason Dubourg\.m2\repository\net\bytebuddy\byte-buddy\1.7.11\byte-buddy-1.7.11.jar;C:\Users\Jason Dubourg\.m2\repository\net\bytebuddy\byte-buddy-agent\1.7.11\byte-buddy-agent-1.7.11.jar;C:\Users\Jason Dubourg\.m2\repository\org\objenesis\objenesis\2.6\objenesis-2.6.jar;C:\Users\Jason Dubourg\.m2\repository\org\hamcrest\hamcrest-core\1.3\hamcrest-core-1.3.jar;C:\Users\Jason Dubourg\.m2\repository\org\hamcrest\hamcrest-library\1.3\hamcrest-library-1.3.jar;C:\Users\Jason Dubourg\.m2\repository\org\skyscreamer\jsonassert\1.5.0\jsonassert-1.5.0.jar;C:\Users\Jason Dubourg\.m2\repository\com\vaadin\external\google\android-json\0.0.20131108.vaadin1\android-json-0.0.20131108.vaadin1.jar;C:\Users\Jason Dubourg\.m2\repository\org\springframework\spring-core\5.0.8.RELEASE\spring-core-5.0.8.RELEASE.jar;C:\Users\Jason Dubourg\.m2\repository\org\springframework\spring-jcl\5.0.8.RELEASE\spring-jcl-5.0.8.RELEASE.jar;C:\Users\Jason Dubourg\.m2\repository\org\springframework\spring-test\5.0.8.RELEASE\spring-test-5.0.8.RELEASE.jar;C:\Users\Jason Dubourg\.m2\repository\org\xmlunit\xmlunit-core\2.5.1\xmlunit-core-2.5.1.jar;C:\Users\Jason Dubourg\.m2\repository\org\springframework\boot\spring-boot-starter-data-jpa\2.0.4.RELEASE\spring-boot-starter-data-jpa-2.0.4.RELEASE.jar;C:\Users\Jason Dubourg\.m2\repository\org\springframework\boot\spring-boot-starter-aop\2.0.4.RELEASE\spring-boot-starter-aop-2.0.4.RELEASE.jar;C:\Users\Jason Dubourg\.m2\repository\org\aspectj\aspectjweaver\1.8.13\aspectjweaver-1.8.13.jar;C:\Users\Jason Dubourg\.m2\repository\org\springframework\boot\spring-boot-starter-jdbc\2.0.4.RELEASE\spring-boot-starter-jdbc-2.0.4.RELEASE.jar;C:\Users\Jason Dubourg\.m2\repository\com\zaxxer\HikariCP\2.7.9\HikariCP-2.7.9.jar;C:\Users\Jason Dubourg\.m2\repository\org\springframework\spring-jdbc\5.0.8.RELEASE\spring-jdbc-5.0.8.RELEASE.jar;C:\Users\Jason Dubourg\.m2\repository\org\hibernate\hibernate-core\5.2.17.Final\hibernate-core-5.2.17.Final.jar;C:\Users\Jason Dubourg\.m2\repository\org\jboss\logging\jboss-logging\3.3.2.Final\jboss-logging-3.3.2.Final.jar;C:\Users\Jason Dubourg\.m2\repository\org\hibernate\javax\persistence\hibernate-jpa-2.1-api\1.0.2.Final\hibernate-jpa-2.1-api-1.0.2.Final.jar;C:\Users\Jason Dubourg\.m2\repository\org\javassist\javassist\3.22.0-GA\javassist-3.22.0-GA.jar;C:\Users\Jason Dubourg\.m2\repository\antlr\antlr\2.7.7\antlr-2.7.7.jar;C:\Users\Jason Dubourg\.m2\repository\org\jboss\jandex\2.0.3.Final\jandex-2.0.3.Final.jar;C:\Users\Jason Dubourg\.m2\repository\com\fasterxml\classmate\1.3.4\classmate-1.3.4.jar;C:\Users\Jason Dubourg\.m2\repository\dom4j\dom4j\1.6.1\dom4j-1.6.1.jar;C:\Users\Jason Dubourg\.m2\repository\org\hibernate\common\hibernate-commons-annotations\5.0.1.Final\hibernate-commons-annotations-5.0.1.Final.jar;C:\Users\Jason Dubourg\.m2\repository\javax\transaction\javax.transaction-api\1.2\javax.transaction-api-1.2.jar;C:\Users\Jason Dubourg\.m2\repository\org\springframework\data\spring-data-jpa\2.0.9.RELEASE\spring-data-jpa-2.0.9.RELEASE.jar;C:\Users\Jason Dubourg\.m2\repository\org\springframework\data\spring-data-commons\2.0.9.RELEASE\spring-data-commons-2.0.9.RELEASE.jar;C:\Users\Jason Dubourg\.m2\repository\org\springframework\spring-orm\5.0.8.RELEASE\spring-orm-5.0.8.RELEASE.jar;C:\Users\Jason Dubourg\.m2\repository\org\springframework\spring-context\5.0.8.RELEASE\spring-context-5.0.8.RELEASE.jar;C:\Users\Jason Dubourg\.m2\repository\org\springframework\spring-tx\5.0.8.RELEASE\spring-tx-5.0.8.RELEASE.jar;C:\Users\Jason Dubourg\.m2\repository\org\springframework\spring-beans\5.0.8.RELEASE\spring-beans-5.0.8.RELEASE.jar;C:\Users\Jason Dubourg\.m2\repository\org\springframework\spring-aspects\5.0.8.RELEASE\spring-aspects-5.0.8.RELEASE.jar;C:\Users\Jason Dubourg\.m2\repository\org\springframework\boot\spring-boot-starter-web\2.0.4.RELEASE\spring-boot-starter-web-2.0.4.RELEASE.jar;C:\Users\Jason Dubourg\.m2\repository\org\springframework\boot\spring-boot-starter-json\2.0.4.RELEASE\spring-boot-starter-json-2.0.4.RELEASE.jar;C:\Users\Jason Dubourg\.m2\repository\com\fasterxml\jackson\core\jackson-databind\2.9.6\jackson-databind-2.9.6.jar;C:\Users\Jason Dubourg\.m2\repository\com\fasterxml\jackson\core\jackson-annotations\2.9.0\jackson-annotations-2.9.0.jar;C:\Users\Jason Dubourg\.m2\repository\com\fasterxml\jackson\core\jackson-core\2.9.6\jackson-core-2.9.6.jar;C:\Users\Jason Dubourg\.m2\repository\com\fasterxml\jackson\datatype\jackson-datatype-jdk8\2.9.6\jackson-datatype-jdk8-2.9.6.jar;C:\Users\Jason Dubourg\.m2\repository\com\fasterxml\jackson\datatype\jackson-datatype-jsr310\2.9.6\jackson-datatype-jsr310-2.9.6.jar;C:\Users\Jason Dubourg\.m2\repository\com\fasterxml\jackson\module\jackson-module-parameter-names\2.9.6\jackson-module-parameter-names-2.9.6.jar;C:\Users\Jason Dubourg\.m2\repository\org\springframework\boot\spring-boot-starter-tomcat\2.0.4.RELEASE\spring-boot-starter-tomcat-2.0.4.RELEASE.jar;C:\Users\Jason Dubourg\.m2\repository\org\apache\tomcat\embed\tomcat-embed-core\8.5.32\tomcat-embed-core-8.5.32.jar;C:\Users\Jason Dubourg\.m2\repository\org\apache\tomcat\embed\tomcat-embed-el\8.5.32\tomcat-embed-el-8.5.32.jar;C:\Users\Jason Dubourg\.m2\repository\org\apache\tomcat\embed\tomcat-embed-websocket\8.5.32\tomcat-embed-websocket-8.5.32.jar;C:\Users\Jason Dubourg\.m2\repository\org\hibernate\validator\hibernate-validator\6.0.11.Final\hibernate-validator-6.0.11.Final.jar;C:\Users\Jason Dubourg\.m2\repository\javax\validation\validation-api\2.0.1.Final\validation-api-2.0.1.Final.jar;C:\Users\Jason Dubourg\.m2\repository\org\springframework\spring-web\5.0.8.RELEASE\spring-web-5.0.8.RELEASE.jar;C:\Users\Jason Dubourg\.m2\repository\org\springframework\spring-webmvc\5.0.8.RELEASE\spring-webmvc-5.0.8.RELEASE.jar;C:\Users\Jason Dubourg\.m2\repository\org\springframework\spring-expression\5.0.8.RELEASE\spring-expression-5.0.8.RELEASE.jar;C:\Users\Jason Dubourg\.m2\repository\org\springframework\boot\spring-boot-starter-thymeleaf\2.0.4.RELEASE\spring-boot-starter-thymeleaf-2.0.4.RELEASE.jar;C:\Users\Jason Dubourg\.m2\repository\org\thymeleaf\thymeleaf-spring5\3.0.9.RELEASE\thymeleaf-spring5-3.0.9.RELEASE.jar;C:\Users\Jason Dubourg\.m2\repository\org\thymeleaf\thymeleaf\3.0.9.RELEASE\thymeleaf-3.0.9.RELEASE.jar;C:\Users\Jason Dubourg\.m2\repository\org\attoparser\attoparser\2.0.4.RELEASE\attoparser-2.0.4.RELEASE.jar;C:\Users\Jason Dubourg\.m2\repository\org\unbescape\unbescape\1.1.5.RELEASE\unbescape-1.1.5.RELEASE.jar;C:\Users\Jason Dubourg\.m2\repository\org\thymeleaf\extras\thymeleaf-extras-java8time\3.0.1.RELEASE\thymeleaf-extras-java8time-3.0.1.RELEASE.jar;C:\Users\Jason Dubourg\.m2\repository\org\springframework\boot\spring-boot-starter-security\2.0.4.RELEASE\spring-boot-starter-security-2.0.4.RELEASE.jar;C:\Users\Jason Dubourg\.m2\repository\org\springframework\spring-aop\5.0.8.RELEASE\spring-aop-5.0.8.RELEASE.jar;C:\Users\Jason Dubourg\.m2\repository\org\springframework\security\spring-security-config\5.0.7.RELEASE\spring-security-config-5.0.7.RELEASE.jar;C:\Users\Jason Dubourg\.m2\repository\org\springframework\security\spring-security-core\5.0.7.RELEASE\spring-security-core-5.0.7.RELEASE.jar;C:\Users\Jason Dubourg\.m2\repository\org\springframework\security\spring-security-web\5.0.7.RELEASE\spring-security-web-5.0.7.RELEASE.jar;C:\Users\Jason Dubourg\.m2\repository\org\springframework\boot\spring-boot-devtools\2.0.4.RELEASE\spring-boot-devtools-2.0.4.RELEASE.jar;C:\Users\Jason Dubourg\.m2\repository\org\springframework\boot\spring-boot\2.0.4.RELEASE\spring-boot-2.0.4.RELEASE.jar;C:\Users\Jason Dubourg\.m2\repository\org\springframework\boot\spring-boot-autoconfigure\2.0.4.RELEASE\spring-boot-autoconfigure-2.0.4.RELEASE.jar;C:\Users\Jason Dubourg\.m2\repository\mysql\mysql-connector-java\5.1.46\mysql-connector-java-5.1.46.jar;C:\Users\Jason Dubourg\.m2\repository\com\h2database\h2\1.4.197\h2-1.4.197.jar;C:\Users\Jason Dubourg\.m2\repository\org\mariadb\jdbc\mariadb-java-client\2.2.6\mariadb-java-client-2.2.6.jar;, java.specification.name=Java Platform API Specification, java.class.version=52.0, sun.management.compiler=HotSpot 64-Bit Tiered Compilers, os.version=10.0, user.home=C:\Users\Jason Dubourg, user.timezone=Europe/Paris, java.awt.printerjob=sun.awt.windows.WPrinterJob, file.encoding=Cp1252, java.specification.version=1.8, java.class.path=D:\eclipse-workspace\poseidon\target\test-classes;D:\eclipse-workspace\poseidon\target\classes;C:\Users\Jason Dubourg\.m2\repository\org\springframework\boot\spring-boot-starter-test\2.0.4.RELEASE\spring-boot-starter-test-2.0.4.RELEASE.jar;C:\Users\Jason Dubourg\.m2\repository\org\springframework\boot\spring-boot-starter\2.0.4.RELEASE\spring-boot-starter-2.0.4.RELEASE.jar;C:\Users\Jason Dubourg\.m2\repository\org\springframework\boot\spring-boot-starter-logging\2.0.4.RELEASE\spring-boot-starter-logging-2.0.4.RELEASE.jar;C:\Users\Jason Dubourg\.m2\repository\ch\qos\logback\logback-classic\1.2.3\logback-classic-1.2.3.jar;C:\Users\Jason Dubourg\.m2\repository\ch\qos\logback\logback-core\1.2.3\logback-core-1.2.3.jar;C:\Users\Jason Dubourg\.m2\repository\org\apache\logging\log4j\log4j-to-slf4j\2.10.0\log4j-to-slf4j-2.10.0.jar;C:\Users\Jason Dubourg\.m2\repository\org\apache\logging\log4j\log4j-api\2.10.0\log4j-api-2.10.0.jar;C:\Users\Jason Dubourg\.m2\repository\org\slf4j\jul-to-slf4j\1.7.25\jul-to-slf4j-1.7.25.jar;C:\Users\Jason Dubourg\.m2\repository\javax\annotation\javax.annotation-api\1.3.2\javax.annotation-api-1.3.2.jar;C:\Users\Jason Dubourg\.m2\repository\org\yaml\snakeyaml\1.19\snakeyaml-1.19.jar;C:\Users\Jason Dubourg\.m2\repository\org\springframework\boot\spring-boot-test\2.0.4.RELEASE\spring-boot-test-2.0.4.RELEASE.jar;C:\Users\Jason Dubourg\.m2\repository\org\springframework\boot\spring-boot-test-autoconfigure\2.0.4.RELEASE\spring-boot-test-autoconfigure-2.0.4.RELEASE.jar;C:\Users\Jason Dubourg\.m2\repository\com\jayway\jsonpath\json-path\2.4.0\json-path-2.4.0.jar;C:\Users\Jason Dubourg\.m2\repository\net\minidev\json-smart\2.3\json-smart-2.3.jar;C:\Users\Jason Dubourg\.m2\repository\net\minidev\accessors-smart\1.2\accessors-smart-1.2.jar;C:\Users\Jason Dubourg\.m2\repository\org\ow2\asm\asm\5.0.4\asm-5.0.4.jar;C:\Users\Jason Dubourg\.m2\repository\org\slf4j\slf4j-api\1.7.25\slf4j-api-1.7.25.jar;C:\Users\Jason Dubourg\.m2\repository\junit\junit\4.12\junit-4.12.jar;C:\Users\Jason Dubourg\.m2\repository\org\assertj\assertj-core\3.9.1\assertj-core-3.9.1.jar;C:\Users\Jason Dubourg\.m2\repository\org\mockito\mockito-core\2.15.0\mockito-core-2.15.0.jar;C:\Users\Jason Dubourg\.m2\repository\net\bytebuddy\byte-buddy\1.7.11\byte-buddy-1.7.11.jar;C:\Users\Jason Dubourg\.m2\repository\net\bytebuddy\byte-buddy-agent\1.7.11\byte-buddy-agent-1.7.11.jar;C:\Users\Jason Dubourg\.m2\repository\org\objenesis\objenesis\2.6\objenesis-2.6.jar;C:\Users\Jason Dubourg\.m2\repository\org\hamcrest\hamcrest-core\1.3\hamcrest-core-1.3.jar;C:\Users\Jason Dubourg\.m2\repository\org\hamcrest\hamcrest-library\1.3\hamcrest-library-1.3.jar;C:\Users\Jason Dubourg\.m2\repository\org\skyscreamer\jsonassert\1.5.0\jsonassert-1.5.0.jar;C:\Users\Jason Dubourg\.m2\repository\com\vaadin\external\google\android-json\0.0.20131108.vaadin1\android-json-0.0.20131108.vaadin1.jar;C:\Users\Jason Dubourg\.m2\repository\org\springframework\spring-core\5.0.8.RELEASE\spring-core-5.0.8.RELEASE.jar;C:\Users\Jason Dubourg\.m2\repository\org\springframework\spring-jcl\5.0.8.RELEASE\spring-jcl-5.0.8.RELEASE.jar;C:\Users\Jason Dubourg\.m2\repository\org\springframework\spring-test\5.0.8.RELEASE\spring-test-5.0.8.RELEASE.jar;C:\Users\Jason Dubourg\.m2\repository\org\xmlunit\xmlunit-core\2.5.1\xmlunit-core-2.5.1.jar;C:\Users\Jason Dubourg\.m2\repository\org\springframework\boot\spring-boot-starter-data-jpa\2.0.4.RELEASE\spring-boot-starter-data-jpa-2.0.4.RELEASE.jar;C:\Users\Jason Dubourg\.m2\repository\org\springframework\boot\spring-boot-starter-aop\2.0.4.RELEASE\spring-boot-starter-aop-2.0.4.RELEASE.jar;C:\Users\Jason Dubourg\.m2\repository\org\aspectj\aspectjweaver\1.8.13\aspectjweaver-1.8.13.jar;C:\Users\Jason Dubourg\.m2\repository\org\springframework\boot\spring-boot-starter-jdbc\2.0.4.RELEASE\spring-boot-starter-jdbc-2.0.4.RELEASE.jar;C:\Users\Jason Dubourg\.m2\repository\com\zaxxer\HikariCP\2.7.9\HikariCP-2.7.9.jar;C:\Users\Jason Dubourg\.m2\repository\org\springframework\spring-jdbc\5.0.8.RELEASE\spring-jdbc-5.0.8.RELEASE.jar;C:\Users\Jason Dubourg\.m2\repository\org\hibernate\hibernate-core\5.2.17.Final\hibernate-core-5.2.17.Final.jar;C:\Users\Jason Dubourg\.m2\repository\org\jboss\logging\jboss-logging\3.3.2.Final\jboss-logging-3.3.2.Final.jar;C:\Users\Jason Dubourg\.m2\repository\org\hibernate\javax\persistence\hibernate-jpa-2.1-api\1.0.2.Final\hibernate-jpa-2.1-api-1.0.2.Final.jar;C:\Users\Jason Dubourg\.m2\repository\org\javassist\javassist\3.22.0-GA\javassist-3.22.0-GA.jar;C:\Users\Jason Dubourg\.m2\repository\antlr\antlr\2.7.7\antlr-2.7.7.jar;C:\Users\Jason Dubourg\.m2\repository\org\jboss\jandex\2.0.3.Final\jandex-2.0.3.Final.jar;C:\Users\Jason Dubourg\.m2\repository\com\fasterxml\classmate\1.3.4\classmate-1.3.4.jar;C:\Users\Jason Dubourg\.m2\repository\dom4j\dom4j\1.6.1\dom4j-1.6.1.jar;C:\Users\Jason Dubourg\.m2\repository\org\hibernate\common\hibernate-commons-annotations\5.0.1.Final\hibernate-commons-annotations-5.0.1.Final.jar;C:\Users\Jason Dubourg\.m2\repository\javax\transaction\javax.transaction-api\1.2\javax.transaction-api-1.2.jar;C:\Users\Jason Dubourg\.m2\repository\org\springframework\data\spring-data-jpa\2.0.9.RELEASE\spring-data-jpa-2.0.9.RELEASE.jar;C:\Users\Jason Dubourg\.m2\repository\org\springframework\data\spring-data-commons\2.0.9.RELEASE\spring-data-commons-2.0.9.RELEASE.jar;C:\Users\Jason Dubourg\.m2\repository\org\springframework\spring-orm\5.0.8.RELEASE\spring-orm-5.0.8.RELEASE.jar;C:\Users\Jason Dubourg\.m2\repository\org\springframework\spring-context\5.0.8.RELEASE\spring-context-5.0.8.RELEASE.jar;C:\Users\Jason Dubourg\.m2\repository\org\springframework\spring-tx\5.0.8.RELEASE\spring-tx-5.0.8.RELEASE.jar;C:\Users\Jason Dubourg\.m2\repository\org\springframework\spring-beans\5.0.8.RELEASE\spring-beans-5.0.8.RELEASE.jar;C:\Users\Jason Dubourg\.m2\repository\org\springframework\spring-aspects\5.0.8.RELEASE\spring-aspects-5.0.8.RELEASE.jar;C:\Users\Jason Dubourg\.m2\repository\org\springframework\boot\spring-boot-starter-web\2.0.4.RELEASE\spring-boot-starter-web-2.0.4.RELEASE.jar;C:\Users\Jason Dubourg\.m2\repository\org\springframework\boot\spring-boot-starter-json\2.0.4.RELEASE\spring-boot-starter-json-2.0.4.RELEASE.jar;C:\Users\Jason Dubourg\.m2\repository\com\fasterxml\jackson\core\jackson-databind\2.9.6\jackson-databind-2.9.6.jar;C:\Users\Jason Dubourg\.m2\repository\com\fasterxml\jackson\core\jackson-annotations\2.9.0\jackson-annotations-2.9.0.jar;C:\Users\Jason Dubourg\.m2\repository\com\fasterxml\jackson\core\jackson-core\2.9.6\jackson-core-2.9.6.jar;C:\Users\Jason Dubourg\.m2\repository\com\fasterxml\jackson\datatype\jackson-datatype-jdk8\2.9.6\jackson-datatype-jdk8-2.9.6.jar;C:\Users\Jason Dubourg\.m2\repository\com\fasterxml\jackson\datatype\jackson-datatype-jsr310\2.9.6\jackson-datatype-jsr310-2.9.6.jar;C:\Users\Jason Dubourg\.m2\repository\com\fasterxml\jackson\module\jackson-module-parameter-names\2.9.6\jackson-module-parameter-names-2.9.6.jar;C:\Users\Jason Dubourg\.m2\repository\org\springframework\boot\spring-boot-starter-tomcat\2.0.4.RELEASE\spring-boot-starter-tomcat-2.0.4.RELEASE.jar;C:\Users\Jason Dubourg\.m2\repository\org\apache\tomcat\embed\tomcat-embed-core\8.5.32\tomcat-embed-core-8.5.32.jar;C:\Users\Jason Dubourg\.m2\repository\org\apache\tomcat\embed\tomcat-embed-el\8.5.32\tomcat-embed-el-8.5.32.jar;C:\Users\Jason Dubourg\.m2\repository\org\apache\tomcat\embed\tomcat-embed-websocket\8.5.32\tomcat-embed-websocket-8.5.32.jar;C:\Users\Jason Dubourg\.m2\repository\org\hibernate\validator\hibernate-validator\6.0.11.Final\hibernate-validator-6.0.11.Final.jar;C:\Users\Jason Dubourg\.m2\repository\javax\validation\validation-api\2.0.1.Final\validation-api-2.0.1.Final.jar;C:\Users\Jason Dubourg\.m2\repository\org\springframework\spring-web\5.0.8.RELEASE\spring-web-5.0.8.RELEASE.jar;C:\Users\Jason Dubourg\.m2\repository\org\springframework\spring-webmvc\5.0.8.RELEASE\spring-webmvc-5.0.8.RELEASE.jar;C:\Users\Jason Dubourg\.m2\repository\org\springframework\spring-expression\5.0.8.RELEASE\spring-expression-5.0.8.RELEASE.jar;C:\Users\Jason Dubourg\.m2\repository\org\springframework\boot\spring-boot-starter-thymeleaf\2.0.4.RELEASE\spring-boot-starter-thymeleaf-2.0.4.RELEASE.jar;C:\Users\Jason Dubourg\.m2\repository\org\thymeleaf\thymeleaf-spring5\3.0.9.RELEASE\thymeleaf-spring5-3.0.9.RELEASE.jar;C:\Users\Jason Dubourg\.m2\repository\org\thymeleaf\thymeleaf\3.0.9.RELEASE\thymeleaf-3.0.9.RELEASE.jar;C:\Users\Jason Dubourg\.m2\repository\org\attoparser\attoparser\2.0.4.RELEASE\attoparser-2.0.4.RELEASE.jar;C:\Users\Jason Dubourg\.m2\repository\org\unbescape\unbescape\1.1.5.RELEASE\unbescape-1.1.5.RELEASE.jar;C:\Users\Jason Dubourg\.m2\repository\org\thymeleaf\extras\thymeleaf-extras-java8time\3.0.1.RELEASE\thymeleaf-extras-java8time-3.0.1.RELEASE.jar;C:\Users\Jason Dubourg\.m2\repository\org\springframework\boot\spring-boot-starter-security\2.0.4.RELEASE\spring-boot-starter-security-2.0.4.RELEASE.jar;C:\Users\Jason Dubourg\.m2\repository\org\springframework\spring-aop\5.0.8.RELEASE\spring-aop-5.0.8.RELEASE.jar;C:\Users\Jason Dubourg\.m2\repository\org\springframework\security\spring-security-config\5.0.7.RELEASE\spring-security-config-5.0.7.RELEASE.jar;C:\Users\Jason Dubourg\.m2\repository\org\springframework\security\spring-security-core\5.0.7.RELEASE\spring-security-core-5.0.7.RELEASE.jar;C:\Users\Jason Dubourg\.m2\repository\org\springframework\security\spring-security-web\5.0.7.RELEASE\spring-security-web-5.0.7.RELEASE.jar;C:\Users\Jason Dubourg\.m2\repository\org\springframework\boot\spring-boot-devtools\2.0.4.RELEASE\spring-boot-devtools-2.0.4.RELEASE.jar;C:\Users\Jason Dubourg\.m2\repository\org\springframework\boot\spring-boot\2.0.4.RELEASE\spring-boot-2.0.4.RELEASE.jar;C:\Users\Jason Dubourg\.m2\repository\org\springframework\boot\spring-boot-autoconfigure\2.0.4.RELEASE\spring-boot-autoconfigure-2.0.4.RELEASE.jar;C:\Users\Jason Dubourg\.m2\repository\mysql\mysql-connector-java\5.1.46\mysql-connector-java-5.1.46.jar;C:\Users\Jason Dubourg\.m2\repository\com\h2database\h2\1.4.197\h2-1.4.197.jar;C:\Users\Jason Dubourg\.m2\repository\org\mariadb\jdbc\mariadb-java-client\2.2.6\mariadb-java-client-2.2.6.jar;, user.name=Jason Dubourg, java.vm.specification.version=1.8, sun.java.command=C:\Users\JASOND~1\AppData\Local\Temp\surefire1314361021317280358\surefirebooter462100391779902413.jar C:\Users\Jason Dubourg\AppData\Local\Temp\surefire1314361021317280358 2021-04-28T19-00-11_274-jvmRun1 surefire3180951563401452932tmp surefire_07314286539760998597tmp, java.home=C:\java\soft\jdk1.8.0_201\jre, sun.arch.data.model=64, user.language=fr, java.specification.vendor=Oracle Corporation, awt.toolkit=sun.awt.windows.WToolkit, java.vm.info=mixed mode, java.version=1.8.0_201, java.ext.dirs=C:\java\soft\jdk1.8.0_201\jre\lib\ext;C:\WINDOWS\Sun\Java\lib\ext, sun.boot.class.path=C:\java\soft\jdk1.8.0_201\jre\lib\resources.jar;C:\java\soft\jdk1.8.0_201\jre\lib\rt.jar;C:\java\soft\jdk1.8.0_201\jre\lib\sunrsasign.jar;C:\java\soft\jdk1.8.0_201\jre\lib\jsse.jar;C:\java\soft\jdk1.8.0_201\jre\lib\jce.jar;C:\java\soft\jdk1.8.0_201\jre\lib\charsets.jar;C:\java\soft\jdk1.8.0_201\jre\lib\jfr.jar;C:\java\soft\jdk1.8.0_201\jre\classes, java.vendor=Oracle Corporation, localRepository=C:\Users\Jason Dubourg\.m2\repository, file.separator=\, java.vendor.url.bug=http://bugreport.sun.com/bugreport/, sun.io.unicode.encoding=UnicodeLittle, sun.cpu.endian=little, sun.desktop=windows, sun.cpu.isalist=amd64}}, SystemEnvironmentPropertySource@112619572 {name='systemEnvironment', properties={GOOGLE_DEFAULT_CLIENT_ID=no, PATH=C:/Users/Jason Dubourg/.p2/pool/plugins/org.eclipse.justj.openjdk.hotspot.jre.full.win32.x86_64_15.0.1.v20201027-0507/jre/bin/server;C:/Users/Jason Dubourg/.p2/pool/plugins/org.eclipse.justj.openjdk.hotspot.jre.full.win32.x86_64_15.0.1.v20201027-0507/jre/bin;C:\java\soft\jdk1.8.0_201\bin;C:\wamp64\bin\php\php7.3.12;C:\Program Files (x86)\Razer Chroma SDK\bin;C:\Program Files\Razer Chroma SDK\bin;C:\Program Files (x86)\Razer\ChromaBroadcast\bin;C:\Program Files\Razer\ChromaBroadcast\bin;C:\Program Files (x86)\Python38\Scripts\;C:\Program Files (x86)\Python38\;C:\Windows\system32;C:\tools\apache-maven-3.6.3\bin;C:\Windows;C:\Windows\System32\Wbem;C:\Windows\System32\WindowsPowerShell\v1.0\;C:\Windows\System32\OpenSSH\;C:\Program Files (x86)\NVIDIA Corporation\PhysX\Common;C:\Program Files\NVIDIA Corporation\NVIDIA NvDLISR;C:\Windows\system32\config\systemprofile\AppData\Local\Microsoft\WindowsApps;C:\Users\Jason Dubourg\AppData\Local\Microsoft\WindowsApps;C:\Users\Jason Dubourg\AppData\Local\Programs\Microsoft VS Code\bin;C:\Users\Jason Dubourg\AppData\Local\atom\bin;C:\WINDOWS\system32;C:\WINDOWS;C:\WINDOWS\System32\Wbem;C:\WINDOWS\System32\WindowsPowerShell\v1.0\;C:\WINDOWS\System32\OpenSSH\;C:\Program Files\Git\cmd;C:\ProgramData\ComposerSetup\bin;C:\Program Files\Symfony;C:\Program Files\nodejs\;C:\java\soft\jdk1.8.0_201\bin;C:\Users\Jason Dubourg\AppData\Local\Microsoft\WindowsApps;C:\Program Files\JetBrains\WebStorm 2019.2\bin;C:\Users\Jason Dubourg\AppData\Local\Programs\Microsoft VS Code\bin;C:\Program Files\JetBrains\PhpStorm 2019.3.3\bin;C:\Users\Jason Dubourg\AppData\Roaming\Composer\vendor\bin;C:\Program Files\JetBrains\IntelliJ IDEA Community Edition 2019.3.4\bin;C:\Users\Jason Dubourg\AppData\Roaming\npm;C:\Users\Jason Dubourg\AppData\Local\Microsoft\WindowsApps;C:\Users\Jason Dubourg\AppData\Local\gitkraken\bin;C:\WINDOWS\system32;, USERDOMAIN_ROAMINGPROFILE=DESKTOP-RSBBCJ8, PROCESSOR_LEVEL=6, SYSTEMDRIVE=C:, SESSIONNAME=Console, ALLUSERSPROFILE=C:\ProgramData, PROCESSOR_ARCHITECTURE=AMD64, DRIVERDATA=C:\Windows\System32\Drivers\DriverData, GOOGLE_DEFAULT_CLIENT_SECRET=no, MAVEN_HOME=C:\tools\apache-maven-3.6.3, PROGRAMFILES=C:\Program Files, PSMODULEPATH=C:\Program Files\WindowsPowerShell\Modules;C:\WINDOWS\system32\WindowsPowerShell\v1.0\Modules, PROGRAMDATA=C:\ProgramData, USERNAME=Jason Dubourg, FPS_BROWSER_USER_PROFILE_STRING=Default, ONEDRIVE=C:\Users\Jason Dubourg\OneDrive, PATHEXT=.COM;.EXE;.BAT;.CMD;.VBS;.VBE;.JS;.JSE;.WSF;.WSH;.MSC, PHPSTORM=C:\Program Files\JetBrains\PhpStorm 2019.3.3\bin;, WINDIR=C:\WINDOWS, HOMEPATH=\Users\Jason Dubourg, PROCESSOR_IDENTIFIER=Intel64 Family 6 Model 158 Stepping 10, GenuineIntel, PUBLIC=C:\Users\Public, =::=::\, LOCALAPPDATA=C:\Users\Jason Dubourg\AppData\Local, COMMONPROGRAMFILES(X86)=C:\Program Files (x86)\Common Files, USERDOMAIN=DESKTOP-RSBBCJ8, FPS_BROWSER_APP_PROFILE_STRING=Internet Explorer, LOGONSERVER=\\DESKTOP-RSBBCJ8, JAVA_HOME=C:\java\soft\jdk1.8.0_201, PROMPT=$P$G, PROGRAMFILES(X86)=C:\Program Files (x86), APPDATA=C:\Users\Jason Dubourg\AppData\Roaming, PROGRAMW6432=C:\Program Files, SYSTEMROOT=C:\WINDOWS, GOOGLE_API_KEY=no, OS=Windows_NT, COMMONPROGRAMW6432=C:\Program Files\Common Files, COMPUTERNAME=DESKTOP-RSBBCJ8, INTELLIJ IDEA COMMUNITY EDITION=C:\Program Files\JetBrains\IntelliJ IDEA Community Edition 2019.3.4\bin;, COMMONPROGRAMFILES=C:\Program Files\Common Files, COMSPEC=C:\WINDOWS\system32\cmd.exe, PROCESSOR_REVISION=9e0a, =D:=D:\eclipse-workspace\poseidon, TEMP=C:\Users\JASOND~1\AppData\Local\Temp, HOMEDRIVE=C:, USERPROFILE=C:\Users\Jason Dubourg, TMP=C:\Users\JASOND~1\AppData\Local\Temp, WEBSTORM=C:\Program Files\JetBrains\WebStorm 2019.2\bin;, NUMBER_OF_PROCESSORS=6}}]
19:00:12.642 [main] DEBUG org.springframework.core.io.support.PathMatchingResourcePatternResolver - Resolved classpath location [com/nnk/springboot/] to resources [URL [file:/D:/eclipse-workspace/poseidon/target/test-classes/com/nnk/springboot/], URL [file:/D:/eclipse-workspace/poseidon/target/classes/com/nnk/springboot/]]
19:00:12.643 [main] DEBUG org.springframework.core.io.support.PathMatchingResourcePatternResolver - Looking for matching resources in directory tree [D:\eclipse-workspace\poseidon\target\test-classes\com\nnk\springboot]
19:00:12.643 [main] DEBUG org.springframework.core.io.support.PathMatchingResourcePatternResolver - Searching directory [D:\eclipse-workspace\poseidon\target\test-classes\com\nnk\springboot] for files matching pattern [D:/eclipse-workspace/poseidon/target/test-classes/com/nnk/springboot/*.class]
19:00:12.646 [main] DEBUG org.springframework.core.io.support.PathMatchingResourcePatternResolver - Looking for matching resources in directory tree [D:\eclipse-workspace\poseidon\target\classes\com\nnk\springboot]
19:00:12.646 [main] DEBUG org.springframework.core.io.support.PathMatchingResourcePatternResolver - Searching directory [D:\eclipse-workspace\poseidon\target\classes\com\nnk\springboot] for files matching pattern [D:/eclipse-workspace/poseidon/target/classes/com/nnk/springboot/*.class]
19:00:12.647 [main] DEBUG org.springframework.core.io.support.PathMatchingResourcePatternResolver - Resolved location pattern [classpath*:com/nnk/springboot/*.class] to resources [file [D:\eclipse-workspace\poseidon\target\test-classes\com\nnk\springboot\BidTests.class], file [D:\eclipse-workspace\poseidon\target\test-classes\com\nnk\springboot\CurvePointTests.class], file [D:\eclipse-workspace\poseidon\target\test-classes\com\nnk\springboot\PasswordEncodeTest.class], file [D:\eclipse-workspace\poseidon\target\test-classes\com\nnk\springboot\RatingTests.class], file [D:\eclipse-workspace\poseidon\target\test-classes\com\nnk\springboot\RuleTests.class], file [D:\eclipse-workspace\poseidon\target\test-classes\com\nnk\springboot\TradeTests.class], file [D:\eclipse-workspace\poseidon\target\classes\com\nnk\springboot\Application.class], file [D:\eclipse-workspace\poseidon\target\classes\com\nnk\springboot\EntityManagerHolder.class]]
19:00:12.701 [main] DEBUG org.springframework.context.annotation.ClassPathScanningCandidateComponentProvider - Identified candidate component class: file [D:\eclipse-workspace\poseidon\target\classes\com\nnk\springboot\Application.class]
19:00:12.706 [main] INFO org.springframework.boot.test.context.SpringBootTestContextBootstrapper - Found @SpringBootConfiguration com.nnk.springboot.Application for test class com.nnk.springboot.BidTests
19:00:12.816 [main] DEBUG org.springframework.boot.test.context.SpringBootTestContextBootstrapper - @TestExecutionListeners is not present for class [com.nnk.springboot.BidTests]: using defaults.
19:00:12.817 [main] INFO org.springframework.boot.test.context.SpringBootTestContextBootstrapper - Loaded default TestExecutionListener class names from location [META-INF/spring.factories]: [org.springframework.boot.test.mock.mockito.MockitoTestExecutionListener, org.springframework.boot.test.mock.mockito.ResetMocksTestExecutionListener, org.springframework.boot.test.autoconfigure.restdocs.RestDocsTestExecutionListener, org.springframework.boot.test.autoconfigure.web.client.MockRestServiceServerResetTestExecutionListener, org.springframework.boot.test.autoconfigure.web.servlet.MockMvcPrintOnlyOnFailureTestExecutionListener, org.springframework.boot.test.autoconfigure.web.servlet.WebDriverTestExecutionListener, org.springframework.test.context.web.ServletTestExecutionListener, org.springframework.test.context.support.DirtiesContextBeforeModesTestExecutionListener, org.springframework.test.context.support.DependencyInjectionTestExecutionListener, org.springframework.test.context.support.DirtiesContextTestExecutionListener, org.springframework.test.context.transaction.TransactionalTestExecutionListener, org.springframework.test.context.jdbc.SqlScriptsTestExecutionListener]
19:00:12.830 [main] INFO org.springframework.boot.test.context.SpringBootTestContextBootstrapper - Using TestExecutionListeners: [org.springframework.test.context.web.ServletTestExecutionListener@1ff4931d, org.springframework.test.context.support.DirtiesContextBeforeModesTestExecutionListener@65e98b1c, org.springframework.boot.test.mock.mockito.MockitoTestExecutionListener@61322f9d, org.springframework.boot.test.autoconfigure.SpringBootDependencyInjectionTestExecutionListener@6ad82709, org.springframework.test.context.support.DirtiesContextTestExecutionListener@510f3d34, org.springframework.test.context.transaction.TransactionalTestExecutionListener@7817fd62, org.springframework.test.context.jdbc.SqlScriptsTestExecutionListener@8297b3a, org.springframework.boot.test.mock.mockito.ResetMocksTestExecutionListener@2362f559, org.springframework.boot.test.autoconfigure.restdocs.RestDocsTestExecutionListener@b2c9a9c, org.springframework.boot.test.autoconfigure.web.client.MockRestServiceServerResetTestExecutionListener@4c178a76, org.springframework.boot.test.autoconfigure.web.servlet.MockMvcPrintOnlyOnFailureTestExecutionListener@fa4c865, org.springframework.boot.test.autoconfigure.web.servlet.WebDriverTestExecutionListener@3bd82cf5]
19:00:12.832 [main] DEBUG org.springframework.test.annotation.ProfileValueUtils - Retrieved @ProfileValueSourceConfiguration [null] for test class [com.nnk.springboot.BidTests]
19:00:12.833 [main] DEBUG org.springframework.test.annotation.ProfileValueUtils - Retrieved ProfileValueSource type [class org.springframework.test.annotation.SystemProfileValueSource] for class [com.nnk.springboot.BidTests]
19:00:12.834 [main] DEBUG org.springframework.test.annotation.ProfileValueUtils - Retrieved @ProfileValueSourceConfiguration [null] for test class [com.nnk.springboot.BidTests]
19:00:12.834 [main] DEBUG org.springframework.test.annotation.ProfileValueUtils - Retrieved ProfileValueSource type [class org.springframework.test.annotation.SystemProfileValueSource] for class [com.nnk.springboot.BidTests]
19:00:12.834 [main] DEBUG org.springframework.test.annotation.ProfileValueUtils - Retrieved @ProfileValueSourceConfiguration [null] for test class [com.nnk.springboot.BidTests]
19:00:12.834 [main] DEBUG org.springframework.test.annotation.ProfileValueUtils - Retrieved ProfileValueSource type [class org.springframework.test.annotation.SystemProfileValueSource] for class [com.nnk.springboot.BidTests]
19:00:12.838 [main] DEBUG org.springframework.test.context.support.AbstractDirtiesContextTestExecutionListener - Before test class: context [DefaultTestContext@305b7c14 testClass = BidTests, testInstance = [null], testMethod = [null], testException = [null], mergedContextConfiguration = [WebMergedContextConfiguration@6913c1fb testClass = BidTests, locations = '{}', classes = '{class com.nnk.springboot.Application}', contextInitializerClasses = '[]', activeProfiles = '{}', propertySourceLocations = '{}', propertySourceProperties = '{org.springframework.boot.test.context.SpringBootTestContextBootstrapper=true}', contextCustomizers = set[org.springframework.boot.test.context.filter.ExcludeFilterContextCustomizer@4b53f538, org.springframework.boot.test.json.DuplicateJsonObjectContextCustomizerFactory$DuplicateJsonObjectContextCustomizer@7ba18f1b, org.springframework.boot.test.mock.mockito.MockitoContextCustomizer@0, org.springframework.boot.test.web.client.TestRestTemplateContextCustomizer@1cab0bfb, org.springframework.boot.test.autoconfigure.properties.PropertyMappingContextCustomizer@0, org.springframework.boot.test.autoconfigure.web.servlet.WebDriverContextCustomizerFactory$Customizer@40f08448], resourceBasePath = 'src/main/webapp', contextLoader = 'org.springframework.boot.test.context.SpringBootContextLoader', parent = [null]], attributes = map['org.springframework.test.context.web.ServletTestExecutionListener.activateListener' -> true]], class annotated with @DirtiesContext [false] with mode [null].
19:00:12.841 [main] DEBUG org.springframework.test.annotation.ProfileValueUtils - Retrieved @ProfileValueSourceConfiguration [null] for test class [com.nnk.springboot.BidTests]
19:00:12.841 [main] DEBUG org.springframework.test.annotation.ProfileValueUtils - Retrieved ProfileValueSource type [class org.springframework.test.annotation.SystemProfileValueSource] for class [com.nnk.springboot.BidTests]
19:00:12.862 [main] DEBUG org.springframework.core.env.StandardEnvironment - Adding PropertySource 'systemProperties' with lowest search precedence
19:00:12.862 [main] DEBUG org.springframework.core.env.StandardEnvironment - Adding PropertySource 'systemEnvironment' with lowest search precedence
19:00:12.863 [main] DEBUG org.springframework.core.env.StandardEnvironment - Initialized StandardEnvironment with PropertySources [MapPropertySource@1212772528 {name='systemProperties', properties={java.runtime.name=Java(TM) SE Runtime Environment, sun.boot.library.path=C:\java\soft\jdk1.8.0_201\jre\bin, java.vm.version=25.201-b09, java.vm.vendor=Oracle Corporation, java.vendor.url=http://java.oracle.com/, path.separator=;, java.vm.name=Java HotSpot(TM) 64-Bit Server VM, file.encoding.pkg=sun.io, user.country=FR, user.script=, sun.java.launcher=SUN_STANDARD, sun.os.patch.level=, java.vm.specification.name=Java Virtual Machine Specification, user.dir=D:\eclipse-workspace\poseidon, java.runtime.version=1.8.0_201-b09, basedir=D:\eclipse-workspace\poseidon, java.awt.graphicsenv=sun.awt.Win32GraphicsEnvironment, java.endorsed.dirs=C:\java\soft\jdk1.8.0_201\jre\lib\endorsed, os.arch=amd64, surefire.real.class.path=C:\Users\JASOND~1\AppData\Local\Temp\surefire1314361021317280358\surefirebooter462100391779902413.jar, java.io.tmpdir=C:\Users\JASOND~1\AppData\Local\Temp\, line.separator=
, java.vm.specification.vendor=Oracle Corporation, user.variant=, os.name=Windows 10, sun.jnu.encoding=Cp1252, java.library.path=C:\java\soft\jdk1.8.0_201\jre\bin;C:\WINDOWS\Sun\Java\bin;C:\WINDOWS\system32;C:\WINDOWS;C:/Users/Jason Dubourg/.p2/pool/plugins/org.eclipse.justj.openjdk.hotspot.jre.full.win32.x86_64_15.0.1.v20201027-0507/jre/bin/server;C:/Users/Jason Dubourg/.p2/pool/plugins/org.eclipse.justj.openjdk.hotspot.jre.full.win32.x86_64_15.0.1.v20201027-0507/jre/bin;C:\java\soft\jdk1.8.0_201\bin;C:\wamp64\bin\php\php7.3.12;C:\Program Files (x86)\Razer Chroma SDK\bin;C:\Program Files\Razer Chroma SDK\bin;C:\Program Files (x86)\Razer\ChromaBroadcast\bin;C:\Program Files\Razer\ChromaBroadcast\bin;C:\Program Files (x86)\Python38\Scripts\;C:\Program Files (x86)\Python38\;C:\Windows\system32;C:\tools\apache-maven-3.6.3\bin;C:\Windows;C:\Windows\System32\Wbem;C:\Windows\System32\WindowsPowerShell\v1.0\;C:\Windows\System32\OpenSSH\;C:\Program Files (x86)\NVIDIA Corporation\PhysX\Common;C:\Program Files\NVIDIA Corporation\NVIDIA NvDLISR;C:\Windows\system32\config\systemprofile\AppData\Local\Microsoft\WindowsApps;C:\Users\Jason Dubourg\AppData\Local\Microsoft\WindowsApps;C:\Users\Jason Dubourg\AppData\Local\Programs\Microsoft VS Code\bin;C:\Users\Jason Dubourg\AppData\Local\atom\bin;C:\WINDOWS\system32;C:\WINDOWS;C:\WINDOWS\System32\Wbem;C:\WINDOWS\System32\WindowsPowerShell\v1.0\;C:\WINDOWS\System32\OpenSSH\;C:\Program Files\Git\cmd;C:\ProgramData\ComposerSetup\bin;C:\Program Files\Symfony;C:\Program Files\nodejs\;C:\java\soft\jdk1.8.0_201\bin;C:\Users\Jason Dubourg\AppData\Local\Microsoft\WindowsApps;C:\Program Files\JetBrains\WebStorm 2019.2\bin;C:\Users\Jason Dubourg\AppData\Local\Programs\Microsoft VS Code\bin;C:\Program Files\JetBrains\PhpStorm 2019.3.3\bin;C:\Users\Jason Dubourg\AppData\Roaming\Composer\vendor\bin;C:\Program Files\JetBrains\IntelliJ IDEA Community Edition 2019.3.4\bin;C:\Users\Jason Dubourg\AppData\Roaming\npm;C:\Users\Jason Dubourg\AppData\Local\Microsoft\WindowsApps;C:\Users\Jason Dubourg\AppData\Local\gitkraken\bin;C:\WINDOWS\system32;;., surefire.test.class.path=D:\eclipse-workspace\poseidon\target\test-classes;D:\eclipse-workspace\poseidon\target\classes;C:\Users\Jason Dubourg\.m2\repository\org\springframework\boot\spring-boot-starter-test\2.0.4.RELEASE\spring-boot-starter-test-2.0.4.RELEASE.jar;C:\Users\Jason Dubourg\.m2\repository\org\springframework\boot\spring-boot-starter\2.0.4.RELEASE\spring-boot-starter-2.0.4.RELEASE.jar;C:\Users\Jason Dubourg\.m2\repository\org\springframework\boot\spring-boot-starter-logging\2.0.4.RELEASE\spring-boot-starter-logging-2.0.4.RELEASE.jar;C:\Users\Jason Dubourg\.m2\repository\ch\qos\logback\logback-classic\1.2.3\logback-classic-1.2.3.jar;C:\Users\Jason Dubourg\.m2\repository\ch\qos\logback\logback-core\1.2.3\logback-core-1.2.3.jar;C:\Users\Jason Dubourg\.m2\repository\org\apache\logging\log4j\log4j-to-slf4j\2.10.0\log4j-to-slf4j-2.10.0.jar;C:\Users\Jason Dubourg\.m2\repository\org\apache\logging\log4j\log4j-api\2.10.0\log4j-api-2.10.0.jar;C:\Users\Jason Dubourg\.m2\repository\org\slf4j\jul-to-slf4j\1.7.25\jul-to-slf4j-1.7.25.jar;C:\Users\Jason Dubourg\.m2\repository\javax\annotation\javax.annotation-api\1.3.2\javax.annotation-api-1.3.2.jar;C:\Users\Jason Dubourg\.m2\repository\org\yaml\snakeyaml\1.19\snakeyaml-1.19.jar;C:\Users\Jason Dubourg\.m2\repository\org\springframework\boot\spring-boot-test\2.0.4.RELEASE\spring-boot-test-2.0.4.RELEASE.jar;C:\Users\Jason Dubourg\.m2\repository\org\springframework\boot\spring-boot-test-autoconfigure\2.0.4.RELEASE\spring-boot-test-autoconfigure-2.0.4.RELEASE.jar;C:\Users\Jason Dubourg\.m2\repository\com\jayway\jsonpath\json-path\2.4.0\json-path-2.4.0.jar;C:\Users\Jason Dubourg\.m2\repository\net\minidev\json-smart\2.3\json-smart-2.3.jar;C:\Users\Jason Dubourg\.m2\repository\net\minidev\accessors-smart\1.2\accessors-smart-1.2.jar;C:\Users\Jason Dubourg\.m2\repository\org\ow2\asm\asm\5.0.4\asm-5.0.4.jar;C:\Users\Jason Dubourg\.m2\repository\org\slf4j\slf4j-api\1.7.25\slf4j-api-1.7.25.jar;C:\Users\Jason Dubourg\.m2\repository\junit\junit\4.12\junit-4.12.jar;C:\Users\Jason Dubourg\.m2\repository\org\assertj\assertj-core\3.9.1\assertj-core-3.9.1.jar;C:\Users\Jason Dubourg\.m2\repository\org\mockito\mockito-core\2.15.0\mockito-core-2.15.0.jar;C:\Users\Jason Dubourg\.m2\repository\net\bytebuddy\byte-buddy\1.7.11\byte-buddy-1.7.11.jar;C:\Users\Jason Dubourg\.m2\repository\net\bytebuddy\byte-buddy-agent\1.7.11\byte-buddy-agent-1.7.11.jar;C:\Users\Jason Dubourg\.m2\repository\org\objenesis\objenesis\2.6\objenesis-2.6.jar;C:\Users\Jason Dubourg\.m2\repository\org\hamcrest\hamcrest-core\1.3\hamcrest-core-1.3.jar;C:\Users\Jason Dubourg\.m2\repository\org\hamcrest\hamcrest-library\1.3\hamcrest-library-1.3.jar;C:\Users\Jason Dubourg\.m2\repository\org\skyscreamer\jsonassert\1.5.0\jsonassert-1.5.0.jar;C:\Users\Jason Dubourg\.m2\repository\com\vaadin\external\google\android-json\0.0.20131108.vaadin1\android-json-0.0.20131108.vaadin1.jar;C:\Users\Jason Dubourg\.m2\repository\org\springframework\spring-core\5.0.8.RELEASE\spring-core-5.0.8.RELEASE.jar;C:\Users\Jason Dubourg\.m2\repository\org\springframework\spring-jcl\5.0.8.RELEASE\spring-jcl-5.0.8.RELEASE.jar;C:\Users\Jason Dubourg\.m2\repository\org\springframework\spring-test\5.0.8.RELEASE\spring-test-5.0.8.RELEASE.jar;C:\Users\Jason Dubourg\.m2\repository\org\xmlunit\xmlunit-core\2.5.1\xmlunit-core-2.5.1.jar;C:\Users\Jason Dubourg\.m2\repository\org\springframework\boot\spring-boot-starter-data-jpa\2.0.4.RELEASE\spring-boot-starter-data-jpa-2.0.4.RELEASE.jar;C:\Users\Jason Dubourg\.m2\repository\org\springframework\boot\spring-boot-starter-aop\2.0.4.RELEASE\spring-boot-starter-aop-2.0.4.RELEASE.jar;C:\Users\Jason Dubourg\.m2\repository\org\aspectj\aspectjweaver\1.8.13\aspectjweaver-1.8.13.jar;C:\Users\Jason Dubourg\.m2\repository\org\springframework\boot\spring-boot-starter-jdbc\2.0.4.RELEASE\spring-boot-starter-jdbc-2.0.4.RELEASE.jar;C:\Users\Jason Dubourg\.m2\repository\com\zaxxer\HikariCP\2.7.9\HikariCP-2.7.9.jar;C:\Users\Jason Dubourg\.m2\repository\org\springframework\spring-jdbc\5.0.8.RELEASE\spring-jdbc-5.0.8.RELEASE.jar;C:\Users\Jason Dubourg\.m2\repository\org\hibernate\hibernate-core\5.2.17.Final\hibernate-core-5.2.17.Final.jar;C:\Users\Jason Dubourg\.m2\repository\org\jboss\logging\jboss-logging\3.3.2.Final\jboss-logging-3.3.2.Final.jar;C:\Users\Jason Dubourg\.m2\repository\org\hibernate\javax\persistence\hibernate-jpa-2.1-api\1.0.2.Final\hibernate-jpa-2.1-api-1.0.2.Final.jar;C:\Users\Jason Dubourg\.m2\repository\org\javassist\javassist\3.22.0-GA\javassist-3.22.0-GA.jar;C:\Users\Jason Dubourg\.m2\repository\antlr\antlr\2.7.7\antlr-2.7.7.jar;C:\Users\Jason Dubourg\.m2\repository\org\jboss\jandex\2.0.3.Final\jandex-2.0.3.Final.jar;C:\Users\Jason Dubourg\.m2\repository\com\fasterxml\classmate\1.3.4\classmate-1.3.4.jar;C:\Users\Jason Dubourg\.m2\repository\dom4j\dom4j\1.6.1\dom4j-1.6.1.jar;C:\Users\Jason Dubourg\.m2\repository\org\hibernate\common\hibernate-commons-annotations\5.0.1.Final\hibernate-commons-annotations-5.0.1.Final.jar;C:\Users\Jason Dubourg\.m2\repository\javax\transaction\javax.transaction-api\1.2\javax.transaction-api-1.2.jar;C:\Users\Jason Dubourg\.m2\repository\org\springframework\data\spring-data-jpa\2.0.9.RELEASE\spring-data-jpa-2.0.9.RELEASE.jar;C:\Users\Jason Dubourg\.m2\repository\org\springframework\data\spring-data-commons\2.0.9.RELEASE\spring-data-commons-2.0.9.RELEASE.jar;C:\Users\Jason Dubourg\.m2\repository\org\springframework\spring-orm\5.0.8.RELEASE\spring-orm-5.0.8.RELEASE.jar;C:\Users\Jason Dubourg\.m2\repository\org\springframework\spring-context\5.0.8.RELEASE\spring-context-5.0.8.RELEASE.jar;C:\Users\Jason Dubourg\.m2\repository\org\springframework\spring-tx\5.0.8.RELEASE\spring-tx-5.0.8.RELEASE.jar;C:\Users\Jason Dubourg\.m2\repository\org\springframework\spring-beans\5.0.8.RELEASE\spring-beans-5.0.8.RELEASE.jar;C:\Users\Jason Dubourg\.m2\repository\org\springframework\spring-aspects\5.0.8.RELEASE\spring-aspects-5.0.8.RELEASE.jar;C:\Users\Jason Dubourg\.m2\repository\org\springframework\boot\spring-boot-starter-web\2.0.4.RELEASE\spring-boot-starter-web-2.0.4.RELEASE.jar;C:\Users\Jason Dubourg\.m2\repository\org\springframework\boot\spring-boot-starter-json\2.0.4.RELEASE\spring-boot-starter-json-2.0.4.RELEASE.jar;C:\Users\Jason Dubourg\.m2\repository\com\fasterxml\jackson\core\jackson-databind\2.9.6\jackson-databind-2.9.6.jar;C:\Users\Jason Dubourg\.m2\repository\com\fasterxml\jackson\core\jackson-annotations\2.9.0\jackson-annotations-2.9.0.jar;C:\Users\Jason Dubourg\.m2\repository\com\fasterxml\jackson\core\jackson-core\2.9.6\jackson-core-2.9.6.jar;C:\Users\Jason Dubourg\.m2\repository\com\fasterxml\jackson\datatype\jackson-datatype-jdk8\2.9.6\jackson-datatype-jdk8-2.9.6.jar;C:\Users\Jason Dubourg\.m2\repository\com\fasterxml\jackson\datatype\jackson-datatype-jsr310\2.9.6\jackson-datatype-jsr310-2.9.6.jar;C:\Users\Jason Dubourg\.m2\repository\com\fasterxml\jackson\module\jackson-module-parameter-names\2.9.6\jackson-module-parameter-names-2.9.6.jar;C:\Users\Jason Dubourg\.m2\repository\org\springframework\boot\spring-boot-starter-tomcat\2.0.4.RELEASE\spring-boot-starter-tomcat-2.0.4.RELEASE.jar;C:\Users\Jason Dubourg\.m2\repository\org\apache\tomcat\embed\tomcat-embed-core\8.5.32\tomcat-embed-core-8.5.32.jar;C:\Users\Jason Dubourg\.m2\repository\org\apache\tomcat\embed\tomcat-embed-el\8.5.32\tomcat-embed-el-8.5.32.jar;C:\Users\Jason Dubourg\.m2\repository\org\apache\tomcat\embed\tomcat-embed-websocket\8.5.32\tomcat-embed-websocket-8.5.32.jar;C:\Users\Jason Dubourg\.m2\repository\org\hibernate\validator\hibernate-validator\6.0.11.Final\hibernate-validator-6.0.11.Final.jar;C:\Users\Jason Dubourg\.m2\repository\javax\validation\validation-api\2.0.1.Final\validation-api-2.0.1.Final.jar;C:\Users\Jason Dubourg\.m2\repository\org\springframework\spring-web\5.0.8.RELEASE\spring-web-5.0.8.RELEASE.jar;C:\Users\Jason Dubourg\.m2\repository\org\springframework\spring-webmvc\5.0.8.RELEASE\spring-webmvc-5.0.8.RELEASE.jar;C:\Users\Jason Dubourg\.m2\repository\org\springframework\spring-expression\5.0.8.RELEASE\spring-expression-5.0.8.RELEASE.jar;C:\Users\Jason Dubourg\.m2\repository\org\springframework\boot\spring-boot-starter-thymeleaf\2.0.4.RELEASE\spring-boot-starter-thymeleaf-2.0.4.RELEASE.jar;C:\Users\Jason Dubourg\.m2\repository\org\thymeleaf\thymeleaf-spring5\3.0.9.RELEASE\thymeleaf-spring5-3.0.9.RELEASE.jar;C:\Users\Jason Dubourg\.m2\repository\org\thymeleaf\thymeleaf\3.0.9.RELEASE\thymeleaf-3.0.9.RELEASE.jar;C:\Users\Jason Dubourg\.m2\repository\org\attoparser\attoparser\2.0.4.RELEASE\attoparser-2.0.4.RELEASE.jar;C:\Users\Jason Dubourg\.m2\repository\org\unbescape\unbescape\1.1.5.RELEASE\unbescape-1.1.5.RELEASE.jar;C:\Users\Jason Dubourg\.m2\repository\org\thymeleaf\extras\thymeleaf-extras-java8time\3.0.1.RELEASE\thymeleaf-extras-java8time-3.0.1.RELEASE.jar;C:\Users\Jason Dubourg\.m2\repository\org\springframework\boot\spring-boot-starter-security\2.0.4.RELEASE\spring-boot-starter-security-2.0.4.RELEASE.jar;C:\Users\Jason Dubourg\.m2\repository\org\springframework\spring-aop\5.0.8.RELEASE\spring-aop-5.0.8.RELEASE.jar;C:\Users\Jason Dubourg\.m2\repository\org\springframework\security\spring-security-config\5.0.7.RELEASE\spring-security-config-5.0.7.RELEASE.jar;C:\Users\Jason Dubourg\.m2\repository\org\springframework\security\spring-security-core\5.0.7.RELEASE\spring-security-core-5.0.7.RELEASE.jar;C:\Users\Jason Dubourg\.m2\repository\org\springframework\security\spring-security-web\5.0.7.RELEASE\spring-security-web-5.0.7.RELEASE.jar;C:\Users\Jason Dubourg\.m2\repository\org\springframework\boot\spring-boot-devtools\2.0.4.RELEASE\spring-boot-devtools-2.0.4.RELEASE.jar;C:\Users\Jason Dubourg\.m2\repository\org\springframework\boot\spring-boot\2.0.4.RELEASE\spring-boot-2.0.4.RELEASE.jar;C:\Users\Jason Dubourg\.m2\repository\org\springframework\boot\spring-boot-autoconfigure\2.0.4.RELEASE\spring-boot-autoconfigure-2.0.4.RELEASE.jar;C:\Users\Jason Dubourg\.m2\repository\mysql\mysql-connector-java\5.1.46\mysql-connector-java-5.1.46.jar;C:\Users\Jason Dubourg\.m2\repository\com\h2database\h2\1.4.197\h2-1.4.197.jar;C:\Users\Jason Dubourg\.m2\repository\org\mariadb\jdbc\mariadb-java-client\2.2.6\mariadb-java-client-2.2.6.jar;, java.specification.name=Java Platform API Specification, java.class.version=52.0, sun.management.compiler=HotSpot 64-Bit Tiered Compilers, os.version=10.0, user.home=C:\Users\Jason Dubourg, user.timezone=Europe/Paris, java.awt.printerjob=sun.awt.windows.WPrinterJob, file.encoding=Cp1252, java.specification.version=1.8, java.class.path=D:\eclipse-workspace\poseidon\target\test-classes;D:\eclipse-workspace\poseidon\target\classes;C:\Users\Jason Dubourg\.m2\repository\org\springframework\boot\spring-boot-starter-test\2.0.4.RELEASE\spring-boot-starter-test-2.0.4.RELEASE.jar;C:\Users\Jason Dubourg\.m2\repository\org\springframework\boot\spring-boot-starter\2.0.4.RELEASE\spring-boot-starter-2.0.4.RELEASE.jar;C:\Users\Jason Dubourg\.m2\repository\org\springframework\boot\spring-boot-starter-logging\2.0.4.RELEASE\spring-boot-starter-logging-2.0.4.RELEASE.jar;C:\Users\Jason Dubourg\.m2\repository\ch\qos\logback\logback-classic\1.2.3\logback-classic-1.2.3.jar;C:\Users\Jason Dubourg\.m2\repository\ch\qos\logback\logback-core\1.2.3\logback-core-1.2.3.jar;C:\Users\Jason Dubourg\.m2\repository\org\apache\logging\log4j\log4j-to-slf4j\2.10.0\log4j-to-slf4j-2.10.0.jar;C:\Users\Jason Dubourg\.m2\repository\org\apache\logging\log4j\log4j-api\2.10.0\log4j-api-2.10.0.jar;C:\Users\Jason Dubourg\.m2\repository\org\slf4j\jul-to-slf4j\1.7.25\jul-to-slf4j-1.7.25.jar;C:\Users\Jason Dubourg\.m2\repository\javax\annotation\javax.annotation-api\1.3.2\javax.annotation-api-1.3.2.jar;C:\Users\Jason Dubourg\.m2\repository\org\yaml\snakeyaml\1.19\snakeyaml-1.19.jar;C:\Users\Jason Dubourg\.m2\repository\org\springframework\boot\spring-boot-test\2.0.4.RELEASE\spring-boot-test-2.0.4.RELEASE.jar;C:\Users\Jason Dubourg\.m2\repository\org\springframework\boot\spring-boot-test-autoconfigure\2.0.4.RELEASE\spring-boot-test-autoconfigure-2.0.4.RELEASE.jar;C:\Users\Jason Dubourg\.m2\repository\com\jayway\jsonpath\json-path\2.4.0\json-path-2.4.0.jar;C:\Users\Jason Dubourg\.m2\repository\net\minidev\json-smart\2.3\json-smart-2.3.jar;C:\Users\Jason Dubourg\.m2\repository\net\minidev\accessors-smart\1.2\accessors-smart-1.2.jar;C:\Users\Jason Dubourg\.m2\repository\org\ow2\asm\asm\5.0.4\asm-5.0.4.jar;C:\Users\Jason Dubourg\.m2\repository\org\slf4j\slf4j-api\1.7.25\slf4j-api-1.7.25.jar;C:\Users\Jason Dubourg\.m2\repository\junit\junit\4.12\junit-4.12.jar;C:\Users\Jason Dubourg\.m2\repository\org\assertj\assertj-core\3.9.1\assertj-core-3.9.1.jar;C:\Users\Jason Dubourg\.m2\repository\org\mockito\mockito-core\2.15.0\mockito-core-2.15.0.jar;C:\Users\Jason Dubourg\.m2\repository\net\bytebuddy\byte-buddy\1.7.11\byte-buddy-1.7.11.jar;C:\Users\Jason Dubourg\.m2\repository\net\bytebuddy\byte-buddy-agent\1.7.11\byte-buddy-agent-1.7.11.jar;C:\Users\Jason Dubourg\.m2\repository\org\objenesis\objenesis\2.6\objenesis-2.6.jar;C:\Users\Jason Dubourg\.m2\repository\org\hamcrest\hamcrest-core\1.3\hamcrest-core-1.3.jar;C:\Users\Jason Dubourg\.m2\repository\org\hamcrest\hamcrest-library\1.3\hamcrest-library-1.3.jar;C:\Users\Jason Dubourg\.m2\repository\org\skyscreamer\jsonassert\1.5.0\jsonassert-1.5.0.jar;C:\Users\Jason Dubourg\.m2\repository\com\vaadin\external\google\android-json\0.0.20131108.vaadin1\android-json-0.0.20131108.vaadin1.jar;C:\Users\Jason Dubourg\.m2\repository\org\springframework\spring-core\5.0.8.RELEASE\spring-core-5.0.8.RELEASE.jar;C:\Users\Jason Dubourg\.m2\repository\org\springframework\spring-jcl\5.0.8.RELEASE\spring-jcl-5.0.8.RELEASE.jar;C:\Users\Jason Dubourg\.m2\repository\org\springframework\spring-test\5.0.8.RELEASE\spring-test-5.0.8.RELEASE.jar;C:\Users\Jason Dubourg\.m2\repository\org\xmlunit\xmlunit-core\2.5.1\xmlunit-core-2.5.1.jar;C:\Users\Jason Dubourg\.m2\repository\org\springframework\boot\spring-boot-starter-data-jpa\2.0.4.RELEASE\spring-boot-starter-data-jpa-2.0.4.RELEASE.jar;C:\Users\Jason Dubourg\.m2\repository\org\springframework\boot\spring-boot-starter-aop\2.0.4.RELEASE\spring-boot-starter-aop-2.0.4.RELEASE.jar;C:\Users\Jason Dubourg\.m2\repository\org\aspectj\aspectjweaver\1.8.13\aspectjweaver-1.8.13.jar;C:\Users\Jason Dubourg\.m2\repository\org\springframework\boot\spring-boot-starter-jdbc\2.0.4.RELEASE\spring-boot-starter-jdbc-2.0.4.RELEASE.jar;C:\Users\Jason Dubourg\.m2\repository\com\zaxxer\HikariCP\2.7.9\HikariCP-2.7.9.jar;C:\Users\Jason Dubourg\.m2\repository\org\springframework\spring-jdbc\5.0.8.RELEASE\spring-jdbc-5.0.8.RELEASE.jar;C:\Users\Jason Dubourg\.m2\repository\org\hibernate\hibernate-core\5.2.17.Final\hibernate-core-5.2.17.Final.jar;C:\Users\Jason Dubourg\.m2\repository\org\jboss\logging\jboss-logging\3.3.2.Final\jboss-logging-3.3.2.Final.jar;C:\Users\Jason Dubourg\.m2\repository\org\hibernate\javax\persistence\hibernate-jpa-2.1-api\1.0.2.Final\hibernate-jpa-2.1-api-1.0.2.Final.jar;C:\Users\Jason Dubourg\.m2\repository\org\javassist\javassist\3.22.0-GA\javassist-3.22.0-GA.jar;C:\Users\Jason Dubourg\.m2\repository\antlr\antlr\2.7.7\antlr-2.7.7.jar;C:\Users\Jason Dubourg\.m2\repository\org\jboss\jandex\2.0.3.Final\jandex-2.0.3.Final.jar;C:\Users\Jason Dubourg\.m2\repository\com\fasterxml\classmate\1.3.4\classmate-1.3.4.jar;C:\Users\Jason Dubourg\.m2\repository\dom4j\dom4j\1.6.1\dom4j-1.6.1.jar;C:\Users\Jason Dubourg\.m2\repository\org\hibernate\common\hibernate-commons-annotations\5.0.1.Final\hibernate-commons-annotations-5.0.1.Final.jar;C:\Users\Jason Dubourg\.m2\repository\javax\transaction\javax.transaction-api\1.2\javax.transaction-api-1.2.jar;C:\Users\Jason Dubourg\.m2\repository\org\springframework\data\spring-data-jpa\2.0.9.RELEASE\spring-data-jpa-2.0.9.RELEASE.jar;C:\Users\Jason Dubourg\.m2\repository\org\springframework\data\spring-data-commons\2.0.9.RELEASE\spring-data-commons-2.0.9.RELEASE.jar;C:\Users\Jason Dubourg\.m2\repository\org\springframework\spring-orm\5.0.8.RELEASE\spring-orm-5.0.8.RELEASE.jar;C:\Users\Jason Dubourg\.m2\repository\org\springframework\spring-context\5.0.8.RELEASE\spring-context-5.0.8.RELEASE.jar;C:\Users\Jason Dubourg\.m2\repository\org\springframework\spring-tx\5.0.8.RELEASE\spring-tx-5.0.8.RELEASE.jar;C:\Users\Jason Dubourg\.m2\repository\org\springframework\spring-beans\5.0.8.RELEASE\spring-beans-5.0.8.RELEASE.jar;C:\Users\Jason Dubourg\.m2\repository\org\springframework\spring-aspects\5.0.8.RELEASE\spring-aspects-5.0.8.RELEASE.jar;C:\Users\Jason Dubourg\.m2\repository\org\springframework\boot\spring-boot-starter-web\2.0.4.RELEASE\spring-boot-starter-web-2.0.4.RELEASE.jar;C:\Users\Jason Dubourg\.m2\repository\org\springframework\boot\spring-boot-starter-json\2.0.4.RELEASE\spring-boot-starter-json-2.0.4.RELEASE.jar;C:\Users\Jason Dubourg\.m2\repository\com\fasterxml\jackson\core\jackson-databind\2.9.6\jackson-databind-2.9.6.jar;C:\Users\Jason Dubourg\.m2\repository\com\fasterxml\jackson\core\jackson-annotations\2.9.0\jackson-annotations-2.9.0.jar;C:\Users\Jason Dubourg\.m2\repository\com\fasterxml\jackson\core\jackson-core\2.9.6\jackson-core-2.9.6.jar;C:\Users\Jason Dubourg\.m2\repository\com\fasterxml\jackson\datatype\jackson-datatype-jdk8\2.9.6\jackson-datatype-jdk8-2.9.6.jar;C:\Users\Jason Dubourg\.m2\repository\com\fasterxml\jackson\datatype\jackson-datatype-jsr310\2.9.6\jackson-datatype-jsr310-2.9.6.jar;C:\Users\Jason Dubourg\.m2\repository\com\fasterxml\jackson\module\jackson-module-parameter-names\2.9.6\jackson-module-parameter-names-2.9.6.jar;C:\Users\Jason Dubourg\.m2\repository\org\springframework\boot\spring-boot-starter-tomcat\2.0.4.RELEASE\spring-boot-starter-tomcat-2.0.4.RELEASE.jar;C:\Users\Jason Dubourg\.m2\repository\org\apache\tomcat\embed\tomcat-embed-core\8.5.32\tomcat-embed-core-8.5.32.jar;C:\Users\Jason Dubourg\.m2\repository\org\apache\tomcat\embed\tomcat-embed-el\8.5.32\tomcat-embed-el-8.5.32.jar;C:\Users\Jason Dubourg\.m2\repository\org\apache\tomcat\embed\tomcat-embed-websocket\8.5.32\tomcat-embed-websocket-8.5.32.jar;C:\Users\Jason Dubourg\.m2\repository\org\hibernate\validator\hibernate-validator\6.0.11.Final\hibernate-validator-6.0.11.Final.jar;C:\Users\Jason Dubourg\.m2\repository\javax\validation\validation-api\2.0.1.Final\validation-api-2.0.1.Final.jar;C:\Users\Jason Dubourg\.m2\repository\org\springframework\spring-web\5.0.8.RELEASE\spring-web-5.0.8.RELEASE.jar;C:\Users\Jason Dubourg\.m2\repository\org\springframework\spring-webmvc\5.0.8.RELEASE\spring-webmvc-5.0.8.RELEASE.jar;C:\Users\Jason Dubourg\.m2\repository\org\springframework\spring-expression\5.0.8.RELEASE\spring-expression-5.0.8.RELEASE.jar;C:\Users\Jason Dubourg\.m2\repository\org\springframework\boot\spring-boot-starter-thymeleaf\2.0.4.RELEASE\spring-boot-starter-thymeleaf-2.0.4.RELEASE.jar;C:\Users\Jason Dubourg\.m2\repository\org\thymeleaf\thymeleaf-spring5\3.0.9.RELEASE\thymeleaf-spring5-3.0.9.RELEASE.jar;C:\Users\Jason Dubourg\.m2\repository\org\thymeleaf\thymeleaf\3.0.9.RELEASE\thymeleaf-3.0.9.RELEASE.jar;C:\Users\Jason Dubourg\.m2\repository\org\attoparser\attoparser\2.0.4.RELEASE\attoparser-2.0.4.RELEASE.jar;C:\Users\Jason Dubourg\.m2\repository\org\unbescape\unbescape\1.1.5.RELEASE\unbescape-1.1.5.RELEASE.jar;C:\Users\Jason Dubourg\.m2\repository\org\thymeleaf\extras\thymeleaf-extras-java8time\3.0.1.RELEASE\thymeleaf-extras-java8time-3.0.1.RELEASE.jar;C:\Users\Jason Dubourg\.m2\repository\org\springframework\boot\spring-boot-starter-security\2.0.4.RELEASE\spring-boot-starter-security-2.0.4.RELEASE.jar;C:\Users\Jason Dubourg\.m2\repository\org\springframework\spring-aop\5.0.8.RELEASE\spring-aop-5.0.8.RELEASE.jar;C:\Users\Jason Dubourg\.m2\repository\org\springframework\security\spring-security-config\5.0.7.RELEASE\spring-security-config-5.0.7.RELEASE.jar;C:\Users\Jason Dubourg\.m2\repository\org\springframework\security\spring-security-core\5.0.7.RELEASE\spring-security-core-5.0.7.RELEASE.jar;C:\Users\Jason Dubourg\.m2\repository\org\springframework\security\spring-security-web\5.0.7.RELEASE\spring-security-web-5.0.7.RELEASE.jar;C:\Users\Jason Dubourg\.m2\repository\org\springframework\boot\spring-boot-devtools\2.0.4.RELEASE\spring-boot-devtools-2.0.4.RELEASE.jar;C:\Users\Jason Dubourg\.m2\repository\org\springframework\boot\spring-boot\2.0.4.RELEASE\spring-boot-2.0.4.RELEASE.jar;C:\Users\Jason Dubourg\.m2\repository\org\springframework\boot\spring-boot-autoconfigure\2.0.4.RELEASE\spring-boot-autoconfigure-2.0.4.RELEASE.jar;C:\Users\Jason Dubourg\.m2\repository\mysql\mysql-connector-java\5.1.46\mysql-connector-java-5.1.46.jar;C:\Users\Jason Dubourg\.m2\repository\com\h2database\h2\1.4.197\h2-1.4.197.jar;C:\Users\Jason Dubourg\.m2\repository\org\mariadb\jdbc\mariadb-java-client\2.2.6\mariadb-java-client-2.2.6.jar;, user.name=Jason Dubourg, java.vm.specification.version=1.8, sun.java.command=C:\Users\JASOND~1\AppData\Local\Temp\surefire1314361021317280358\surefirebooter462100391779902413.jar C:\Users\Jason Dubourg\AppData\Local\Temp\surefire1314361021317280358 2021-04-28T19-00-11_274-jvmRun1 surefire3180951563401452932tmp surefire_07314286539760998597tmp, java.home=C:\java\soft\jdk1.8.0_201\jre, sun.arch.data.model=64, user.language=fr, java.specification.vendor=Oracle Corporation, awt.toolkit=sun.awt.windows.WToolkit, java.vm.info=mixed mode, java.version=1.8.0_201, java.ext.dirs=C:\java\soft\jdk1.8.0_201\jre\lib\ext;C:\WINDOWS\Sun\Java\lib\ext, sun.boot.class.path=C:\java\soft\jdk1.8.0_201\jre\lib\resources.jar;C:\java\soft\jdk1.8.0_201\jre\lib\rt.jar;C:\java\soft\jdk1.8.0_201\jre\lib\sunrsasign.jar;C:\java\soft\jdk1.8.0_201\jre\lib\jsse.jar;C:\java\soft\jdk1.8.0_201\jre\lib\jce.jar;C:\java\soft\jdk1.8.0_201\jre\lib\charsets.jar;C:\java\soft\jdk1.8.0_201\jre\lib\jfr.jar;C:\java\soft\jdk1.8.0_201\jre\classes, java.vendor=Oracle Corporation, localRepository=C:\Users\Jason Dubourg\.m2\repository, file.separator=\, java.vendor.url.bug=http://bugreport.sun.com/bugreport/, sun.io.unicode.encoding=UnicodeLittle, sun.cpu.endian=little, sun.desktop=windows, sun.cpu.isalist=amd64}}, SystemEnvironmentPropertySource@1148254374 {name='systemEnvironment', properties={GOOGLE_DEFAULT_CLIENT_ID=no, PATH=C:/Users/Jason Dubourg/.p2/pool/plugins/org.eclipse.justj.openjdk.hotspot.jre.full.win32.x86_64_15.0.1.v20201027-0507/jre/bin/server;C:/Users/Jason Dubourg/.p2/pool/plugins/org.eclipse.justj.openjdk.hotspot.jre.full.win32.x86_64_15.0.1.v20201027-0507/jre/bin;C:\java\soft\jdk1.8.0_201\bin;C:\wamp64\bin\php\php7.3.12;C:\Program Files (x86)\Razer Chroma SDK\bin;C:\Program Files\Razer Chroma SDK\bin;C:\Program Files (x86)\Razer\ChromaBroadcast\bin;C:\Program Files\Razer\ChromaBroadcast\bin;C:\Program Files (x86)\Python38\Scripts\;C:\Program Files (x86)\Python38\;C:\Windows\system32;C:\tools\apache-maven-3.6.3\bin;C:\Windows;C:\Windows\System32\Wbem;C:\Windows\System32\WindowsPowerShell\v1.0\;C:\Windows\System32\OpenSSH\;C:\Program Files (x86)\NVIDIA Corporation\PhysX\Common;C:\Program Files\NVIDIA Corporation\NVIDIA NvDLISR;C:\Windows\system32\config\systemprofile\AppData\Local\Microsoft\WindowsApps;C:\Users\Jason Dubourg\AppData\Local\Microsoft\WindowsApps;C:\Users\Jason Dubourg\AppData\Local\Programs\Microsoft VS Code\bin;C:\Users\Jason Dubourg\AppData\Local\atom\bin;C:\WINDOWS\system32;C:\WINDOWS;C:\WINDOWS\System32\Wbem;C:\WINDOWS\System32\WindowsPowerShell\v1.0\;C:\WINDOWS\System32\OpenSSH\;C:\Program Files\Git\cmd;C:\ProgramData\ComposerSetup\bin;C:\Program Files\Symfony;C:\Program Files\nodejs\;C:\java\soft\jdk1.8.0_201\bin;C:\Users\Jason Dubourg\AppData\Local\Microsoft\WindowsApps;C:\Program Files\JetBrains\WebStorm 2019.2\bin;C:\Users\Jason Dubourg\AppData\Local\Programs\Microsoft VS Code\bin;C:\Program Files\JetBrains\PhpStorm 2019.3.3\bin;C:\Users\Jason Dubourg\AppData\Roaming\Composer\vendor\bin;C:\Program Files\JetBrains\IntelliJ IDEA Community Edition 2019.3.4\bin;C:\Users\Jason Dubourg\AppData\Roaming\npm;C:\Users\Jason Dubourg\AppData\Local\Microsoft\WindowsApps;C:\Users\Jason Dubourg\AppData\Local\gitkraken\bin;C:\WINDOWS\system32;, USERDOMAIN_ROAMINGPROFILE=DESKTOP-RSBBCJ8, PROCESSOR_LEVEL=6, SYSTEMDRIVE=C:, SESSIONNAME=Console, ALLUSERSPROFILE=C:\ProgramData, PROCESSOR_ARCHITECTURE=AMD64, DRIVERDATA=C:\Windows\System32\Drivers\DriverData, GOOGLE_DEFAULT_CLIENT_SECRET=no, MAVEN_HOME=C:\tools\apache-maven-3.6.3, PROGRAMFILES=C:\Program Files, PSMODULEPATH=C:\Program Files\WindowsPowerShell\Modules;C:\WINDOWS\system32\WindowsPowerShell\v1.0\Modules, PROGRAMDATA=C:\ProgramData, USERNAME=Jason Dubourg, FPS_BROWSER_USER_PROFILE_STRING=Default, ONEDRIVE=C:\Users\Jason Dubourg\OneDrive, PATHEXT=.COM;.EXE;.BAT;.CMD;.VBS;.VBE;.JS;.JSE;.WSF;.WSH;.MSC, PHPSTORM=C:\Program Files\JetBrains\PhpStorm 2019.3.3\bin;, WINDIR=C:\WINDOWS, HOMEPATH=\Users\Jason Dubourg, PROCESSOR_IDENTIFIER=Intel64 Family 6 Model 158 Stepping 10, GenuineIntel, PUBLIC=C:\Users\Public, =::=::\, LOCALAPPDATA=C:\Users\Jason Dubourg\AppData\Local, COMMONPROGRAMFILES(X86)=C:\Program Files (x86)\Common Files, USERDOMAIN=DESKTOP-RSBBCJ8, FPS_BROWSER_APP_PROFILE_STRING=Internet Explorer, LOGONSERVER=\\DESKTOP-RSBBCJ8, JAVA_HOME=C:\java\soft\jdk1.8.0_201, PROMPT=$P$G, PROGRAMFILES(X86)=C:\Program Files (x86), APPDATA=C:\Users\Jason Dubourg\AppData\Roaming, PROGRAMW6432=C:\Program Files, SYSTEMROOT=C:\WINDOWS, GOOGLE_API_KEY=no, OS=Windows_NT, COMMONPROGRAMW6432=C:\Program Files\Common Files, COMPUTERNAME=DESKTOP-RSBBCJ8, INTELLIJ IDEA COMMUNITY EDITION=C:\Program Files\JetBrains\IntelliJ IDEA Community Edition 2019.3.4\bin;, COMMONPROGRAMFILES=C:\Program Files\Common Files, COMSPEC=C:\WINDOWS\system32\cmd.exe, PROCESSOR_REVISION=9e0a, =D:=D:\eclipse-workspace\poseidon, TEMP=C:\Users\JASOND~1\AppData\Local\Temp, HOMEDRIVE=C:, USERPROFILE=C:\Users\Jason Dubourg, TMP=C:\Users\JASOND~1\AppData\Local\Temp, WEBSTORM=C:\Program Files\JetBrains\WebStorm 2019.2\bin;, NUMBER_OF_PROCESSORS=6}}]
19:00:12.866 [main] DEBUG org.springframework.test.context.support.TestPropertySourceUtils - Adding inlined properties to environment: {spring.jmx.enabled=false, org.springframework.boot.test.context.SpringBootTestContextBootstrapper=true, server.port=-1}
19:00:12.866 [main] DEBUG org.springframework.core.env.StandardEnvironment - Adding PropertySource 'Inlined Test Properties' with highest search precedence

  .   ____          _            __ _ _
 /\\ / ___'_ __ _ _(_)_ __  __ _ \ \ \ \
( ( )\___ | '_ | '_| | '_ \/ _` | \ \ \ \
 \\/  ___)| |_)| | | | | || (_| |  ) ) ) )
  '  |____| .__|_| |_|_| |_\__, | / / / /
 =========|_|==============|___/=/_/_/_/
 :: Spring Boot ::        (v2.0.4.RELEASE)

2021-04-28 19:00:13.092  INFO 6760 --- [           main] com.nnk.springboot.BidTests              : Starting BidTests on DESKTOP-RSBBCJ8 with PID 6760 (started by Jason Dubourg in D:\eclipse-workspace\poseidon)
2021-04-28 19:00:13.093  INFO 6760 --- [           main] com.nnk.springboot.BidTests              : No active profile set, falling back to default profiles: default
2021-04-28 19:00:13.121  INFO 6760 --- [           main] o.s.w.c.s.GenericWebApplicationContext   : Refreshing org.springframework.web.context.support.GenericWebApplicationContext@60f00693: startup date [Wed Apr 28 19:00:13 CEST 2021]; root of context hierarchy
2021-04-28 19:00:14.153  INFO 6760 --- [           main] trationDelegate$BeanPostProcessorChecker : Bean 'org.springframework.transaction.annotation.ProxyTransactionManagementConfiguration' of type [org.springframework.transaction.annotation.ProxyTransactionManagementConfiguration$$EnhancerBySpringCGLIB$$fd367a1c] is not eligible for getting processed by all BeanPostProcessors (for example: not eligible for auto-proxying)
2021-04-28 19:00:14.327  INFO 6760 --- [           main] com.zaxxer.hikari.HikariDataSource       : HikariPool-1 - Starting...
2021-04-28 19:00:14.377  INFO 6760 --- [           main] com.zaxxer.hikari.HikariDataSource       : HikariPool-1 - Start completed.
2021-04-28 19:00:14.418  INFO 6760 --- [           main] j.LocalContainerEntityManagerFactoryBean : Building JPA container EntityManagerFactory for persistence unit 'default'
2021-04-28 19:00:14.468  INFO 6760 --- [           main] o.hibernate.jpa.internal.util.LogHelper  : HHH000204: Processing PersistenceUnitInfo [
	name: default
	...]
2021-04-28 19:00:14.528  INFO 6760 --- [           main] org.hibernate.Version                    : HHH000412: Hibernate Core {5.2.17.Final}
2021-04-28 19:00:14.529  INFO 6760 --- [           main] org.hibernate.cfg.Environment            : HHH000206: hibernate.properties not found
2021-04-28 19:00:14.559  INFO 6760 --- [           main] o.hibernate.annotations.common.Version   : HCANN000001: Hibernate Commons Annotations {5.0.1.Final}
2021-04-28 19:00:14.665  INFO 6760 --- [           main] org.hibernate.dialect.Dialect            : HHH000400: Using dialect: org.hibernate.dialect.MariaDB103Dialect
Hibernate: alter table demo.bidlist add column bid_list_id integer not null
Hibernate: alter table demo.bidlist add column ask_quantity double precision
Hibernate: alter table demo.bidlist add column bid_list_date datetime(6) not null
Hibernate: alter table demo.bidlist add column bid_quantity double precision
Hibernate: alter table demo.bidlist add column creation_date datetime(6) not null
Hibernate: alter table demo.bidlist add column creation_name varchar(255)
Hibernate: alter table demo.bidlist add column deal_name varchar(255)
Hibernate: alter table demo.bidlist add column deal_type varchar(255)
Hibernate: alter table demo.bidlist add column revision_date datetime(6) not null
Hibernate: alter table demo.bidlist add column revision_name varchar(255)
Hibernate: alter table demo.bidlist add column source_list_id varchar(255)
Hibernate: alter table demo.curvepoint add column as_of_date datetime(6) not null
Hibernate: alter table demo.curvepoint add column creation_date datetime(6) not null
Hibernate: alter table demo.curvepoint add column curve_id integer
Hibernate: alter table demo.rating add column fitch_rating varchar(255)
Hibernate: alter table demo.rating add column moodys_rating varchar(255)
Hibernate: alter table demo.rating add column order_number integer
Hibernate: alter table demo.rulename add column sql_part varchar(255)
Hibernate: alter table demo.rulename add column sql_str varchar(255)
Hibernate: alter table demo.trade add column trade_id integer not null
Hibernate: alter table demo.trade add column buy_price double precision
Hibernate: alter table demo.trade add column buy_quantity double precision
Hibernate: alter table demo.trade add column creation_date datetime(6) not null
Hibernate: alter table demo.trade add column creation_name varchar(255)
Hibernate: alter table demo.trade add column deal_name varchar(255)
Hibernate: alter table demo.trade add column deal_type varchar(255)
Hibernate: alter table demo.trade add column revision_date datetime(6)
Hibernate: alter table demo.trade add column revision_name varchar(255)
Hibernate: alter table demo.trade add column sell_price double precision
Hibernate: alter table demo.trade add column sell_quantity double precision
Hibernate: alter table demo.trade add column source_list_id varchar(255)
Hibernate: alter table demo.trade add column trade_date datetime(6) not null
2021-04-28 19:00:15.886  INFO 6760 --- [           main] j.LocalContainerEntityManagerFactoryBean : Initialized JPA EntityManagerFactory for persistence unit 'default'
2021-04-28 19:00:16.412  INFO 6760 --- [           main] o.s.w.s.handler.SimpleUrlHandlerMapping  : Mapped URL path [/**/favicon.ico] onto handler of type [class org.springframework.web.servlet.resource.ResourceHttpRequestHandler]
2021-04-28 19:00:16.603  INFO 6760 --- [           main] s.w.s.m.m.a.RequestMappingHandlerAdapter : Looking for @ControllerAdvice: org.springframework.web.context.support.GenericWebApplicationContext@60f00693: startup date [Wed Apr 28 19:00:13 CEST 2021]; root of context hierarchy
2021-04-28 19:00:16.640  WARN 6760 --- [           main] aWebConfiguration$JpaWebMvcConfiguration : spring.jpa.open-in-view is enabled by default. Therefore, database queries may be performed during view rendering. Explicitly configure spring.jpa.open-in-view to disable this warning
2021-04-28 19:00:16.669  INFO 6760 --- [           main] s.w.s.m.m.a.RequestMappingHandlerMapping : Mapped "{[/bidList/add],methods=[GET]}" onto public java.lang.String com.nnk.springboot.controllers.BidListController.addBidForm(com.nnk.springboot.domain.BidList)
2021-04-28 19:00:16.671  INFO 6760 --- [           main] s.w.s.m.m.a.RequestMappingHandlerMapping : Mapped "{[/bidList/update/{id}],methods=[GET]}" onto public java.lang.String com.nnk.springboot.controllers.BidListController.showUpdateForm(java.lang.Integer,org.springframework.ui.Model)
2021-04-28 19:00:16.671  INFO 6760 --- [           main] s.w.s.m.m.a.RequestMappingHandlerMapping : Mapped "{[/bidList/update/{id}],methods=[POST]}" onto public java.lang.String com.nnk.springboot.controllers.BidListController.updateBid(java.lang.Integer,com.nnk.springboot.domain.BidList,org.springframework.validation.BindingResult,org.springframework.ui.Model)
2021-04-28 19:00:16.671  INFO 6760 --- [           main] s.w.s.m.m.a.RequestMappingHandlerMapping : Mapped "{[/bidList/delete/{id}],methods=[GET]}" onto public java.lang.String com.nnk.springboot.controllers.BidListController.deleteBid(java.lang.Integer,org.springframework.ui.Model)
2021-04-28 19:00:16.671  INFO 6760 --- [           main] s.w.s.m.m.a.RequestMappingHandlerMapping : Mapped "{[/bidList/validate],methods=[POST]}" onto public java.lang.String com.nnk.springboot.controllers.BidListController.validate(com.nnk.springboot.domain.BidList,org.springframework.validation.BindingResult,org.springframework.ui.Model)
2021-04-28 19:00:16.671  INFO 6760 --- [           main] s.w.s.m.m.a.RequestMappingHandlerMapping : Mapped "{[/bidList/list]}" onto public java.lang.String com.nnk.springboot.controllers.BidListController.home(org.springframework.ui.Model)
2021-04-28 19:00:16.673  INFO 6760 --- [           main] s.w.s.m.m.a.RequestMappingHandlerMapping : Mapped "{[/curvePoint/update/{id}],methods=[GET]}" onto public java.lang.String com.nnk.springboot.controllers.CurveController.showUpdateForm(java.lang.Integer,org.springframework.ui.Model)
2021-04-28 19:00:16.673  INFO 6760 --- [           main] s.w.s.m.m.a.RequestMappingHandlerMapping : Mapped "{[/curvePoint/update/{id}],methods=[POST]}" onto public java.lang.String com.nnk.springboot.controllers.CurveController.updateCurvePoint(java.lang.Integer,com.nnk.springboot.domain.CurvePoint,org.springframework.validation.BindingResult,org.springframework.ui.Model)
2021-04-28 19:00:16.674  INFO 6760 --- [           main] s.w.s.m.m.a.RequestMappingHandlerMapping : Mapped "{[/curvePoint/delete/{id}],methods=[GET]}" onto public java.lang.String com.nnk.springboot.controllers.CurveController.deleteCurvePoint(java.lang.Integer,org.springframework.ui.Model)
2021-04-28 19:00:16.674  INFO 6760 --- [           main] s.w.s.m.m.a.RequestMappingHandlerMapping : Mapped "{[/curvePoint/validate],methods=[POST]}" onto public java.lang.String com.nnk.springboot.controllers.CurveController.validate(com.nnk.springboot.domain.CurvePoint,org.springframework.validation.BindingResult,org.springframework.ui.Model)
2021-04-28 19:00:16.674  INFO 6760 --- [           main] s.w.s.m.m.a.RequestMappingHandlerMapping : Mapped "{[/curvePoint/list]}" onto public java.lang.String com.nnk.springboot.controllers.CurveController.home(org.springframework.ui.Model)
2021-04-28 19:00:16.674  INFO 6760 --- [           main] s.w.s.m.m.a.RequestMappingHandlerMapping : Mapped "{[/curvePoint/add],methods=[GET]}" onto public java.lang.String com.nnk.springboot.controllers.CurveController.addCurvePointForm(com.nnk.springboot.domain.CurvePoint)
2021-04-28 19:00:16.674  INFO 6760 --- [           main] s.w.s.m.m.a.RequestMappingHandlerMapping : Mapped "{[/admin/home]}" onto public java.lang.String com.nnk.springboot.controllers.HomeController.adminHome(org.springframework.ui.Model)
2021-04-28 19:00:16.674  INFO 6760 --- [           main] s.w.s.m.m.a.RequestMappingHandlerMapping : Mapped "{[/]}" onto public java.lang.String com.nnk.springboot.controllers.HomeController.home(org.springframework.ui.Model)
2021-04-28 19:00:16.675  INFO 6760 --- [           main] s.w.s.m.m.a.RequestMappingHandlerMapping : Mapped "{[/app/error],methods=[GET]}" onto public org.springframework.web.servlet.ModelAndView com.nnk.springboot.controllers.LoginController.error()
2021-04-28 19:00:16.675  INFO 6760 --- [           main] s.w.s.m.m.a.RequestMappingHandlerMapping : Mapped "{[/app/login],methods=[GET]}" onto public org.springframework.web.servlet.ModelAndView com.nnk.springboot.controllers.LoginController.login()
2021-04-28 19:00:16.676  INFO 6760 --- [           main] s.w.s.m.m.a.RequestMappingHandlerMapping : Mapped "{[/app/secure/article-details],methods=[GET]}" onto public org.springframework.web.servlet.ModelAndView com.nnk.springboot.controllers.LoginController.getAllUserArticles()
2021-04-28 19:00:16.676  INFO 6760 --- [           main] s.w.s.m.m.a.RequestMappingHandlerMapping : Mapped "{[/rating/update/{id}],methods=[GET]}" onto public java.lang.String com.nnk.springboot.controllers.RatingController.showUpdateForm(java.lang.Integer,org.springframework.ui.Model)
2021-04-28 19:00:16.676  INFO 6760 --- [           main] s.w.s.m.m.a.RequestMappingHandlerMapping : Mapped "{[/rating/update/{id}],methods=[POST]}" onto public java.lang.String com.nnk.springboot.controllers.RatingController.updateRating(java.lang.Integer,com.nnk.springboot.domain.Rating,org.springframework.validation.BindingResult,org.springframework.ui.Model)
2021-04-28 19:00:16.677  INFO 6760 --- [           main] s.w.s.m.m.a.RequestMappingHandlerMapping : Mapped "{[/rating/add],methods=[GET]}" onto public java.lang.String com.nnk.springboot.controllers.RatingController.addRatingForm(com.nnk.springboot.domain.Rating)
2021-04-28 19:00:16.677  INFO 6760 --- [           main] s.w.s.m.m.a.RequestMappingHandlerMapping : Mapped "{[/rating/delete/{id}],methods=[GET]}" onto public java.lang.String com.nnk.springboot.controllers.RatingController.deleteRating(java.lang.Integer,org.springframework.ui.Model)
2021-04-28 19:00:16.677  INFO 6760 --- [           main] s.w.s.m.m.a.RequestMappingHandlerMapping : Mapped "{[/rating/validate],methods=[POST]}" onto public java.lang.String com.nnk.springboot.controllers.RatingController.validate(com.nnk.springboot.domain.Rating,org.springframework.validation.BindingResult,org.springframework.ui.Model)
2021-04-28 19:00:16.677  INFO 6760 --- [           main] s.w.s.m.m.a.RequestMappingHandlerMapping : Mapped "{[/rating/list]}" onto public java.lang.String com.nnk.springboot.controllers.RatingController.home(org.springframework.ui.Model)
2021-04-28 19:00:16.678  INFO 6760 --- [           main] s.w.s.m.m.a.RequestMappingHandlerMapping : Mapped "{[/ruleName/update/{id}],methods=[GET]}" onto public java.lang.String com.nnk.springboot.controllers.RuleNameController.showUpdateForm(java.lang.Integer,org.springframework.ui.Model)
2021-04-28 19:00:16.678  INFO 6760 --- [           main] s.w.s.m.m.a.RequestMappingHandlerMapping : Mapped "{[/ruleName/add],methods=[GET]}" onto public java.lang.String com.nnk.springboot.controllers.RuleNameController.addRuleForm(com.nnk.springboot.domain.RuleName)
2021-04-28 19:00:16.678  INFO 6760 --- [           main] s.w.s.m.m.a.RequestMappingHandlerMapping : Mapped "{[/ruleName/update/{id}],methods=[POST]}" onto public java.lang.String com.nnk.springboot.controllers.RuleNameController.updateRuleName(java.lang.Integer,com.nnk.springboot.domain.RuleName,org.springframework.validation.BindingResult,org.springframework.ui.Model)
2021-04-28 19:00:16.678  INFO 6760 --- [           main] s.w.s.m.m.a.RequestMappingHandlerMapping : Mapped "{[/ruleName/delete/{id}],methods=[GET]}" onto public java.lang.String com.nnk.springboot.controllers.RuleNameController.deleteRuleName(java.lang.Integer,org.springframework.ui.Model)
2021-04-28 19:00:16.678  INFO 6760 --- [           main] s.w.s.m.m.a.RequestMappingHandlerMapping : Mapped "{[/ruleName/validate],methods=[POST]}" onto public java.lang.String com.nnk.springboot.controllers.RuleNameController.validate(com.nnk.springboot.domain.RuleName,org.springframework.validation.BindingResult,org.springframework.ui.Model)
2021-04-28 19:00:16.679  INFO 6760 --- [           main] s.w.s.m.m.a.RequestMappingHandlerMapping : Mapped "{[/ruleName/list]}" onto public java.lang.String com.nnk.springboot.controllers.RuleNameController.home(org.springframework.ui.Model)
2021-04-28 19:00:16.681  INFO 6760 --- [           main] s.w.s.m.m.a.RequestMappingHandlerMapping : Mapped "{[/trade/update/{id}],methods=[GET]}" onto public java.lang.String com.nnk.springboot.controllers.TradeController.showUpdateForm(java.lang.Integer,org.springframework.ui.Model)
2021-04-28 19:00:16.681  INFO 6760 --- [           main] s.w.s.m.m.a.RequestMappingHandlerMapping : Mapped "{[/trade/update/{id}],methods=[POST]}" onto public java.lang.String com.nnk.springboot.controllers.TradeController.updateTrade(java.lang.Integer,com.nnk.springboot.domain.Trade,org.springframework.validation.BindingResult,org.springframework.ui.Model)
2021-04-28 19:00:16.681  INFO 6760 --- [           main] s.w.s.m.m.a.RequestMappingHandlerMapping : Mapped "{[/trade/delete/{id}],methods=[GET]}" onto public java.lang.String com.nnk.springboot.controllers.TradeController.deleteTrade(java.lang.Integer,org.springframework.ui.Model)
2021-04-28 19:00:16.682  INFO 6760 --- [           main] s.w.s.m.m.a.RequestMappingHandlerMapping : Mapped "{[/trade/validate],methods=[POST]}" onto public java.lang.String com.nnk.springboot.controllers.TradeController.validate(com.nnk.springboot.domain.Trade,org.springframework.validation.BindingResult,org.springframework.ui.Model)
2021-04-28 19:00:16.682  INFO 6760 --- [           main] s.w.s.m.m.a.RequestMappingHandlerMapping : Mapped "{[/trade/list]}" onto public java.lang.String com.nnk.springboot.controllers.TradeController.home(org.springframework.ui.Model)
2021-04-28 19:00:16.682  INFO 6760 --- [           main] s.w.s.m.m.a.RequestMappingHandlerMapping : Mapped "{[/trade/add],methods=[GET]}" onto public java.lang.String com.nnk.springboot.controllers.TradeController.addUser(com.nnk.springboot.domain.Trade)
2021-04-28 19:00:16.683  INFO 6760 --- [           main] s.w.s.m.m.a.RequestMappingHandlerMapping : Mapped "{[/user/update/{id}],methods=[GET]}" onto public java.lang.String com.nnk.springboot.controllers.UserController.showUpdateForm(java.lang.Integer,org.springframework.ui.Model)
2021-04-28 19:00:16.683  INFO 6760 --- [           main] s.w.s.m.m.a.RequestMappingHandlerMapping : Mapped "{[/user/update/{id}],methods=[POST]}" onto public java.lang.String com.nnk.springboot.controllers.UserController.updateUser(java.lang.Integer,com.nnk.springboot.domain.User,org.springframework.validation.BindingResult,org.springframework.ui.Model)
2021-04-28 19:00:16.683  INFO 6760 --- [           main] s.w.s.m.m.a.RequestMappingHandlerMapping : Mapped "{[/user/delete/{id}],methods=[GET]}" onto public java.lang.String com.nnk.springboot.controllers.UserController.deleteUser(java.lang.Integer,org.springframework.ui.Model)
2021-04-28 19:00:16.683  INFO 6760 --- [           main] s.w.s.m.m.a.RequestMappingHandlerMapping : Mapped "{[/user/validate],methods=[POST]}" onto public java.lang.String com.nnk.springboot.controllers.UserController.validate(com.nnk.springboot.domain.User,org.springframework.validation.BindingResult,org.springframework.ui.Model)
2021-04-28 19:00:16.683  INFO 6760 --- [           main] s.w.s.m.m.a.RequestMappingHandlerMapping : Mapped "{[/user/list]}" onto public java.lang.String com.nnk.springboot.controllers.UserController.home(org.springframework.ui.Model)
2021-04-28 19:00:16.684  INFO 6760 --- [           main] s.w.s.m.m.a.RequestMappingHandlerMapping : Mapped "{[/user/add],methods=[GET]}" onto public java.lang.String com.nnk.springboot.controllers.UserController.addUser(com.nnk.springboot.domain.User)
2021-04-28 19:00:16.685  INFO 6760 --- [           main] s.w.s.m.m.a.RequestMappingHandlerMapping : Mapped "{[/error]}" onto public org.springframework.http.ResponseEntity<java.util.Map<java.lang.String, java.lang.Object>> org.springframework.boot.autoconfigure.web.servlet.error.BasicErrorController.error(javax.servlet.http.HttpServletRequest)
2021-04-28 19:00:16.685  INFO 6760 --- [           main] s.w.s.m.m.a.RequestMappingHandlerMapping : Mapped "{[/error],produces=[text/html]}" onto public org.springframework.web.servlet.ModelAndView org.springframework.boot.autoconfigure.web.servlet.error.BasicErrorController.errorHtml(javax.servlet.http.HttpServletRequest,javax.servlet.http.HttpServletResponse)
2021-04-28 19:00:16.707  INFO 6760 --- [           main] o.s.w.s.handler.SimpleUrlHandlerMapping  : Mapped URL path [/webjars/**] onto handler of type [class org.springframework.web.servlet.resource.ResourceHttpRequestHandler]
2021-04-28 19:00:16.707  INFO 6760 --- [           main] o.s.w.s.handler.SimpleUrlHandlerMapping  : Mapped URL path [/**] onto handler of type [class org.springframework.web.servlet.resource.ResourceHttpRequestHandler]
2021-04-28 19:00:16.988  INFO 6760 --- [           main] .s.s.UserDetailsServiceAutoConfiguration : 

Using generated security password: a8944edb-9a21-42ec-8cf1-d79de97bd963

2021-04-28 19:00:17.140  INFO 6760 --- [           main] o.s.s.web.DefaultSecurityFilterChain     : Creating filter chain: org.springframework.security.web.util.matcher.AnyRequestMatcher@1, [org.springframework.security.web.context.request.async.WebAsyncManagerIntegrationFilter@29dcdd1c, org.springframework.security.web.context.SecurityContextPersistenceFilter@5c70d7f0, org.springframework.security.web.header.HeaderWriterFilter@6e00837f, org.springframework.security.web.csrf.CsrfFilter@25214797, org.springframework.security.web.authentication.logout.LogoutFilter@11399548, org.springframework.security.web.authentication.UsernamePasswordAuthenticationFilter@28cb86b2, org.springframework.security.web.authentication.ui.DefaultLoginPageGeneratingFilter@6eede35e, org.springframework.security.web.authentication.www.BasicAuthenticationFilter@4b476233, org.springframework.security.web.savedrequest.RequestCacheAwareFilter@1e6bd263, org.springframework.security.web.servletapi.SecurityContextHolderAwareRequestFilter@7aae1170, org.springframework.security.web.authentication.AnonymousAuthenticationFilter@7cdb7fc, org.springframework.security.web.session.SessionManagementFilter@6a5dd083, org.springframework.security.web.access.ExceptionTranslationFilter@1753475d, org.springframework.security.web.access.intercept.FilterSecurityInterceptor@12cd129c]
2021-04-28 19:00:17.224  INFO 6760 --- [           main] com.nnk.springboot.BidTests              : Started BidTests in 4.347 seconds (JVM running for 5.094)
]]></system-out>
  </testcase>
</testsuite>